{'name': '路面现大量三角钉致多车接连爆胎', 'heatRate': 476985}
{'name': '海南自由贸易港建设总体方案', 'heatRate': 1019588}
{'name': '邓超孙俪庆祝结婚9周年', 'heatRate': 328091}
{'name': '迪丽热巴遭陌生男跪地求婚', 'heatRate': 532046}
{'name': '全球新冠肺炎确诊病例超700万例', 'heatRate': 656859}
{'name': '夏日减龄背带裤', 'heatRate': 382336}
{'name': '陶勇谈高度近视治愈可能性', 'heatRate': 568404}
{'name': '官方通报小学女生校内遭4名男生侵害', 'heatRate': 405728}
{'name': '多国民众示威游行高喊我不能呼吸', 'heatRate': 446071}
{'name': '央视调查仝卓高考舞弊', 'heatRate': 299295}
{'name': '全国中高风险地区再度清零', 'heatRate': 1129958}
{'name': '高以翔最后一部剧', 'heatRate': 893412}
{'name': '虞书欣 Lisa亲我了', 'heatRate': 365409}
{'name': '男女交往的禁忌', 'heatRate': 429295}
{'name': '操场埋尸案家属放弃民事赔偿', 'heatRate': 621132}
{'name': '央视评地摊经济', 'heatRate': 914009}
Start download 路面现大量三角钉致多车接连爆胎
URL =https://www.yidianzixun.com/channel/w/路面现大量三角钉致多车接连爆胎
Download content from http://www.yidianzixun.com/article/0PYdK0ye?s=&appid=
Download content from http://www.yidianzixun.com/article/0PYdRUEi?s=&appid=
Download content from http://www.yidianzixun.com/article/0PTvwfJ9?s=&appid=
Download content from http://www.yidianzixun.com/article/0PAvtURk?s=&appid=
Download content from http://www.yidianzixun.com/article/0OgktQiy?s=&appid=
Download content from http://www.yidianzixun.com/article/0PKAciNS?s=&appid=
Download content from http://www.yidianzixun.com/article/0PXcXrYX?s=&appid=
Download content from http://www.yidianzixun.com/article/0PY2gMJz?s=&appid=
Download content from http://www.yidianzixun.com/article/0PSHiRXW?s=&appid=
Download content from http://www.yidianzixun.com/article/0P4uYraq?s=&appid=
Download content from http://www.yidianzixun.com/article/0PYIshvT?s=&appid=
Download content from http://www.yidianzixun.com/article/0OpdU3Zx?s=&appid=
Download content from http://www.yidianzixun.com/article/0Obp2WNG?s=&appid=
Download content from http://www.yidianzixun.com/article/0PWL0uKe?s=&appid=
Download content from http://www.yidianzixun.com/article/0PGYblzk?s=&appid=
Download content from http://www.yidianzixun.com/article/0PUaqKl2?s=&appid=
Download content from http://www.yidianzixun.com/article/V_05eAJ447?s=&appid=
Download content from http://www.yidianzixun.com/article/0PTs2i3m?s=&appid=
Download content from http://www.yidianzixun.com/article/0PUDMyTL?s=&appid=
Download content from http://www.yidianzixun.com/article/0PRKHbEx?s=&appid=
Download content from http://www.yidianzixun.com/article/0PI450dC?s=&appid=
Download content from http://www.yidianzixun.com/article/0OrLVnsT?s=&appid=
Download content from http://www.yidianzixun.com/article/0PPpahQf?s=&appid=
Start download 海南自由贸易港建设总体方案
URL =https://www.yidianzixun.com/channel/w/海南自由贸易港建设总体方案
Download content from http://www.yidianzixun.com/article/0PVtmSZC?s=&appid=
Download content from http://www.yidianzixun.com/article/0PYr4K8w?s=&appid=
Download content from http://www.yidianzixun.com/article/0PYKJyMj?s=&appid=
Download content from http://www.yidianzixun.com/article/0PYDSmCb?s=&appid=
Download content from http://www.yidianzixun.com/article/0PVu0J7F?s=&appid=
Download content from http://www.yidianzixun.com/article/0PWuNPoW?s=&appid=
Download content from http://www.yidianzixun.com/article/0PYod0rm?s=&appid=
Download content from http://www.yidianzixun.com/article/0PWEX0Hy?s=&appid=
Download content from http://www.yidianzixun.com/article/0PWQ1PC7?s=&appid=
Download content from http://www.yidianzixun.com/article/0PWT45ye?s=&appid=
Download content from http://www.yidianzixun.com/article/0PW4K0zG?s=&appid=
Download content from http://www.yidianzixun.com/article/0PWIzx3Y?s=&appid=
Download content from http://www.yidianzixun.com/article/0PWQo7QO?s=&appid=
Download content from http://www.yidianzixun.com/article/0PVyx0R9?s=&appid=
Download content from http://www.yidianzixun.com/article/0PVyxOXK?s=&appid=
Download content from http://www.yidianzixun.com/article/0PWc4MuX?s=&appid=
Download content from http://www.yidianzixun.com/article/0PWHZh2T?s=&appid=
Start download 邓超孙俪庆祝结婚9周年
URL =https://www.yidianzixun.com/channel/w/邓超孙俪庆祝结婚9周年
Download content from http://www.yidianzixun.com/article/0PYVr0DN?s=&appid=
Download content from http://www.yidianzixun.com/article/0PYpoJwQ?s=&appid=
Download content from http://www.yidianzixun.com/article/0PYpYRpg?s=&appid=
Download content from http://www.yidianzixun.com/article/0PYZ5VdG?s=&appid=
Download content from http://www.yidianzixun.com/article/0PYeWsP4?s=&appid=
Download content from http://www.yidianzixun.com/article/0PYaJkGP?s=&appid=
Download content from http://www.yidianzixun.com/article/0PYeJHrW?s=&appid=
Download content from http://www.yidianzixun.com/article/0PYYlyZZ?s=&appid=
Download content from http://www.yidianzixun.com/article/0PYZCrvw?s=&appid=
Download content from http://www.yidianzixun.com/article/0PYhcBSE?s=&appid=
Download content from http://www.yidianzixun.com/article/0PYcZprU?s=&appid=
Download content from http://www.yidianzixun.com/article/0PYldKR2?s=&appid=
Download content from http://www.yidianzixun.com/article/0PYdIzDw?s=&appid=
Download content from http://www.yidianzixun.com/article/0PYbhzKP?s=&appid=
Download content from http://www.yidianzixun.com/article/0PYcOkRU?s=&appid=
Download content from http://www.yidianzixun.com/article/0PYfJ6Ep?s=&appid=
Download content from http://www.yidianzixun.com/article/0PYiCNuD?s=&appid=
Download content from http://www.yidianzixun.com/article/0PYdEq8Z?s=&appid=
Download content from http://www.yidianzixun.com/article/0PYg5YIO?s=&appid=
Download content from http://www.yidianzixun.com/article/0PYk8b68?s=&appid=
Download content from http://www.yidianzixun.com/article/0PYhUlOc?s=&appid=
Download content from http://www.yidianzixun.com/article/0PYb0avs?s=&appid=
Download content from http://www.yidianzixun.com/article/0PYkgvl9?s=&appid=
Download content from http://www.yidianzixun.com/article/0PYbMsBf?s=&appid=
Download content from http://www.yidianzixun.com/article/0PYkED9P?s=&appid=
Download content from http://www.yidianzixun.com/article/0PYkGmv8?s=&appid=
Download content from http://www.yidianzixun.com/article/0PYk7rwJ?s=&appid=
Start download 迪丽热巴遭陌生男跪地求婚
URL =https://www.yidianzixun.com/channel/w/迪丽热巴遭陌生男跪地求婚
Download content from http://www.yidianzixun.com/article/0PYhi2oC?s=&appid=
Download content from http://www.yidianzixun.com/article/0PYlNuzE?s=&appid=
Download content from http://www.yidianzixun.com/article/0PYjpmF2?s=&appid=
Download content from http://www.yidianzixun.com/article/0PYlMlFi?s=&appid=
Download content from http://www.yidianzixun.com/article/0PYjGk9h?s=&appid=
Download content from http://www.yidianzixun.com/article/0PYjOLZK?s=&appid=
Download content from http://www.yidianzixun.com/article/0PYiBCA1?s=&appid=
Download content from http://www.yidianzixun.com/article/0PYlWrWE?s=&appid=
Download content from http://www.yidianzixun.com/article/0PYi2tWg?s=&appid=
Download content from http://www.yidianzixun.com/article/0PYkRuzJ?s=&appid=
Download content from http://www.yidianzixun.com/article/0PYiK79W?s=&appid=
Download content from http://www.yidianzixun.com/article/0PYo4R4y?s=&appid=
Download content from http://www.yidianzixun.com/article/0PYjFLFR?s=&appid=
Download content from http://www.yidianzixun.com/article/0PYRJbJ9?s=&appid=
Download content from http://www.yidianzixun.com/article/0PYi28Z8?s=&appid=
Download content from http://www.yidianzixun.com/article/0PYkAlp9?s=&appid=
Download content from http://www.yidianzixun.com/article/0PYhseHp?s=&appid=
Download content from http://www.yidianzixun.com/article/0PYkLEHb?s=&appid=
Download content from http://www.yidianzixun.com/article/0PYjKAiV?s=&appid=
Download content from http://www.yidianzixun.com/article/0PYkRlI0?s=&appid=
Download content from http://www.yidianzixun.com/article/0PYihKZn?s=&appid=
Download content from http://www.yidianzixun.com/article/0PYiUf6F?s=&appid=
Download content from http://www.yidianzixun.com/article/0PYjKNBw?s=&appid=
Download content from http://www.yidianzixun.com/article/0PYmVMYp?s=&appid=
Download content from http://www.yidianzixun.com/article/0PYaF7yb?s=&appid=
Download content from http://www.yidianzixun.com/article/0PYeCz0f?s=&appid=
Download content from http://www.yidianzixun.com/article/0PXaPbOR?s=&appid=
Download content from http://www.yidianzixun.com/article/0PUNhiYm?s=&appid=
Download content from http://www.yidianzixun.com/article/0PYoh1tL?s=&appid=
Start download 全球新冠肺炎确诊病例超700万例
URL =https://www.yidianzixun.com/channel/w/全球新冠肺炎确诊病例超700万例
Download content from http://www.yidianzixun.com/article/0PYq9b8B?s=&appid=
Download content from http://www.yidianzixun.com/article/0PYr4hFX?s=&appid=
Download content from http://www.yidianzixun.com/article/0PYklAtP?s=&appid=
Download content from http://www.yidianzixun.com/article/0PXuW5fp?s=&appid=
Download content from http://www.yidianzixun.com/article/0PYJoGHt?s=&appid=
Download content from http://www.yidianzixun.com/article/0PTo8pDD?s=&appid=
Download content from http://www.yidianzixun.com/article/0POtGZOi?s=&appid=
Download content from http://www.yidianzixun.com/article/0PKbhe26?s=&appid=
Download content from http://www.yidianzixun.com/article/0PIVb2YR?s=&appid=
Download content from http://www.yidianzixun.com/article/0PPtOdG3?s=&appid=
Download content from http://www.yidianzixun.com/article/0PKbP9xC?s=&appid=
Download content from http://www.yidianzixun.com/article/0PTVlZhY?s=&appid=
Download content from http://www.yidianzixun.com/article/0P7KlXy4?s=&appid=
Download content from http://www.yidianzixun.com/article/V_07YanKkq?s=&appid=
Download content from http://www.yidianzixun.com/article/V_07ZYs4xD?s=&appid=
Download content from http://www.yidianzixun.com/article/V_07R4sOY5?s=&appid=
Download content from http://www.yidianzixun.com/article/0PVzrmJL?s=&appid=
Download content from http://www.yidianzixun.com/article/0PTE0xyf?s=&appid=
Download content from http://www.yidianzixun.com/article/V_07agqbsI?s=&appid=
Download content from http://www.yidianzixun.com/article/0OzSNfxI?s=&appid=
Download content from http://www.yidianzixun.com/article/0PO8IBXu?s=&appid=
Download content from http://www.yidianzixun.com/article/V_07iDAu7Y?s=&appid=
Download content from http://www.yidianzixun.com/article/0PDJ0tRi?s=&appid=
Download content from http://www.yidianzixun.com/article/0PVFAFlT?s=&appid=
Start download 夏日减龄背带裤
URL =https://www.yidianzixun.com/channel/w/夏日减龄背带裤
Download content from http://www.yidianzixun.com/article/0PYaSf1x?s=&appid=
Download content from http://www.yidianzixun.com/article/0PYGXJyi?s=&appid=
Download content from http://www.yidianzixun.com/article/0PYFmLdI?s=&appid=
Download content from http://www.yidianzixun.com/article/0PV3za1E?s=&appid=
Download content from http://www.yidianzixun.com/article/0PV3f2iP?s=&appid=
Download content from http://www.yidianzixun.com/article/0PRIIunl?s=&appid=
Download content from http://www.yidianzixun.com/article/0PU2hBe9?s=&appid=
Download content from http://www.yidianzixun.com/article/0PWd9Uu9?s=&appid=
Download content from http://www.yidianzixun.com/article/0PNEjBh5?s=&appid=
Download content from http://www.yidianzixun.com/article/0PTeXlVF?s=&appid=
Download content from http://www.yidianzixun.com/article/0PV0m15A?s=&appid=
Download content from http://www.yidianzixun.com/article/0PV2oLip?s=&appid=
Download content from http://www.yidianzixun.com/article/0PNWvh2F?s=&appid=
Download content from http://www.yidianzixun.com/article/0PUssBsh?s=&appid=
Download content from http://www.yidianzixun.com/article/0PV2sbeT?s=&appid=
Download content from http://www.yidianzixun.com/article/0PKhWwvZ?s=&appid=
Download content from http://www.yidianzixun.com/article/0PVGZg9W?s=&appid=
Download content from http://www.yidianzixun.com/article/0PRud1kG?s=&appid=
Download content from http://www.yidianzixun.com/article/0PTaLXoD?s=&appid=
Download content from http://www.yidianzixun.com/article/0PUsBvRC?s=&appid=
Download content from http://www.yidianzixun.com/article/0PQH6lqZ?s=&appid=
Download content from http://www.yidianzixun.com/article/0PUX3sfb?s=&appid=
Download content from http://www.yidianzixun.com/article/0PFUi5Rt?s=&appid=
Download content from http://www.yidianzixun.com/article/0PYWsjgt?s=&appid=
Download content from http://www.yidianzixun.com/article/0PQXS7Hr?s=&appid=
Download content from http://www.yidianzixun.com/article/0PO2fqKW?s=&appid=
Download content from http://www.yidianzixun.com/article/0PQH1dbi?s=&appid=
Download content from http://www.yidianzixun.com/article/0PRucFyy?s=&appid=
Download content from http://www.yidianzixun.com/article/0PMhIns4?s=&appid=
Download content from http://www.yidianzixun.com/article/0PRdjQhR?s=&appid=
Start download 陶勇谈高度近视治愈可能性
URL =https://www.yidianzixun.com/channel/w/陶勇谈高度近视治愈可能性
Start download 陶勇谈高度近视治愈可能性
URL =https://www.yidianzixun.com/channel/w/陶勇谈高度近视治愈可能性
Start download 陶勇谈高度近视治愈可能性
URL =https://www.yidianzixun.com/channel/w/陶勇谈高度近视治愈可能性
Download content from http://www.yidianzixun.com/article/0P1Y07ct?s=&appid=
Download content from http://www.yidianzixun.com/article/0PQbyY9d?s=&appid=
Download content from http://www.yidianzixun.com/article/0PUVLKZC?s=&appid=
Download content from http://www.yidianzixun.com/article/0PNDJ1oL?s=&appid=
Download content from http://www.yidianzixun.com/article/0PN5d6BF?s=&appid=
Download content from http://www.yidianzixun.com/article/0PVf3WSI?s=&appid=
Download content from http://www.yidianzixun.com/article/0OlrHuA2?s=&appid=
Download content from http://www.yidianzixun.com/article/0P8FEnkf?s=&appid=
Download content from http://www.yidianzixun.com/article/0PR1fMHe?s=&appid=
Download content from http://www.yidianzixun.com/article/0P8yunJ2?s=&appid=
Download content from http://www.yidianzixun.com/article/0PO4g1sF?s=&appid=
Download content from http://www.yidianzixun.com/article/0PUEtnG2?s=&appid=
Download content from http://www.yidianzixun.com/article/0PSK5C72?s=&appid=
Download content from http://www.yidianzixun.com/article/0POxNow8?s=&appid=
Download content from http://www.yidianzixun.com/article/0PYmmhrV?s=&appid=
Download content from http://www.yidianzixun.com/article/0PYslf3g?s=&appid=
Download content from http://www.yidianzixun.com/article/0OayO4XI?s=&appid=
Download content from http://www.yidianzixun.com/article/0PWR4GbQ?s=&appid=
Download content from http://www.yidianzixun.com/article/0P08cdxn?s=&appid=
Download content from http://www.yidianzixun.com/article/0OzReQ7r?s=&appid=
Download content from http://www.yidianzixun.com/article/0PBFBS1h?s=&appid=
Download content from http://www.yidianzixun.com/article/0PKnYMfD?s=&appid=
Download content from http://www.yidianzixun.com/article/0PMg8S6L?s=&appid=
Download content from http://www.yidianzixun.com/article/0PU1mChs?s=&appid=
Start download 官方通报小学女生校内遭4名男生侵害
URL =https://www.yidianzixun.com/channel/w/官方通报小学女生校内遭4名男生侵害
Start download 官方通报小学女生校内遭4名男生侵害
URL =https://www.yidianzixun.com/channel/w/官方通报小学女生校内遭4名男生侵害
Download content from http://www.yidianzixun.com/article/0PYcOODc?s=&appid=
Download content from http://www.yidianzixun.com/article/0PYPOCc7?s=&appid=
Download content from http://www.yidianzixun.com/article/0PYU2lhW?s=&appid=
Download content from http://www.yidianzixun.com/article/0PYVsGHx?s=&appid=
Download content from http://www.yidianzixun.com/article/0PYPY5jf?s=&appid=
Download content from http://www.yidianzixun.com/article/0PYQfLNS?s=&appid=
Download content from http://www.yidianzixun.com/article/0PYOQ1vI?s=&appid=
Download content from http://www.yidianzixun.com/article/0PYPyPCQ?s=&appid=
Download content from http://www.yidianzixun.com/article/0PYLpgwC?s=&appid=
Download content from http://www.yidianzixun.com/article/0PYR8NvR?s=&appid=
Download content from http://www.yidianzixun.com/article/0PYX6Ttz?s=&appid=
Download content from http://www.yidianzixun.com/article/0PYQxoHT?s=&appid=
Download content from http://www.yidianzixun.com/article/0PYNgMId?s=&appid=
Download content from http://www.yidianzixun.com/article/0PYU6nbo?s=&appid=
Download content from http://www.yidianzixun.com/article/0PY1zzqC?s=&appid=
Download content from http://www.yidianzixun.com/article/0LAuYwQm?s=&appid=
Download content from http://www.yidianzixun.com/article/0Jipl8QB?s=&appid=
Download content from http://www.yidianzixun.com/article/0L5YcFrF?s=&appid=
Download content from http://www.yidianzixun.com/article/0Ng89fAu?s=&appid=
Download content from http://www.yidianzixun.com/article/0MBbg0VK?s=&appid=
Download content from http://www.yidianzixun.com/article/0NgCNiZB?s=&appid=
Start download 多国民众示威游行高喊我不能呼吸
URL =https://www.yidianzixun.com/channel/w/多国民众示威游行高喊我不能呼吸
Start download 多国民众示威游行高喊我不能呼吸
URL =https://www.yidianzixun.com/channel/w/多国民众示威游行高喊我不能呼吸
Download content from http://www.yidianzixun.com/article/0PYgHYYF?s=&appid=
Download content from http://www.yidianzixun.com/article/0PVtSifm?s=&appid=
Download content from http://www.yidianzixun.com/article/0PWLdtsh?s=&appid=
Download content from http://www.yidianzixun.com/article/0PQq4i85?s=&appid=
Download content from http://www.yidianzixun.com/article/0PM9hV3e?s=&appid=
Download content from http://www.yidianzixun.com/article/0Ookr7Lw?s=&appid=
Download content from http://www.yidianzixun.com/article/0PYnv7Xw?s=&appid=
Download content from http://www.yidianzixun.com/article/0PW476zY?s=&appid=
Download content from http://www.yidianzixun.com/article/0PBPLZZ6?s=&appid=
Download content from http://www.yidianzixun.com/article/0PX8AoU4?s=&appid=
Download content from http://www.yidianzixun.com/article/0PVk5Tsk?s=&appid=
Download content from http://www.yidianzixun.com/article/0PWmq98O?s=&appid=
Download content from http://www.yidianzixun.com/article/0PVll7Kb?s=&appid=
Download content from http://www.yidianzixun.com/article/0PVqg1qt?s=&appid=
Download content from http://www.yidianzixun.com/article/0PX44nYw?s=&appid=
Download content from http://www.yidianzixun.com/article/0PVmNhl7?s=&appid=
Download content from http://www.yidianzixun.com/article/0PVpKpSj?s=&appid=
Download content from http://www.yidianzixun.com/article/0PX8ibR1?s=&appid=
Download content from http://www.yidianzixun.com/article/0PXF60ds?s=&appid=
Download content from http://www.yidianzixun.com/article/0PWYlvvc?s=&appid=
Download content from http://www.yidianzixun.com/article/0PWe2wAt?s=&appid=
Download content from http://www.yidianzixun.com/article/0PXTusSa?s=&appid=
Start download 央视调查仝卓高考舞弊
URL =https://www.yidianzixun.com/channel/w/央视调查仝卓高考舞弊
Start download 全国中高风险地区再度清零
URL =https://www.yidianzixun.com/channel/w/全国中高风险地区再度清零
Start download 全国中高风险地区再度清零
URL =https://www.yidianzixun.com/channel/w/全国中高风险地区再度清零
Download content from http://www.yidianzixun.com/article/0PYUHaM1?s=&appid=
Download content from http://www.yidianzixun.com/article/0PIxZv9h?s=&appid=
Download content from http://www.yidianzixun.com/article/0PJInile?s=&appid=
Download content from http://www.yidianzixun.com/article/0PJxFoeN?s=&appid=
Download content from http://www.yidianzixun.com/article/0PIturae?s=&appid=
Download content from http://www.yidianzixun.com/article/0PJed1kO?s=&appid=
Download content from http://www.yidianzixun.com/article/0PIvnhtt?s=&appid=
Download content from http://www.yidianzixun.com/article/0PJghrGN?s=&appid=
Download content from http://www.yidianzixun.com/article/0PIw137W?s=&appid=
Download content from http://www.yidianzixun.com/article/0PIx7uaT?s=&appid=
Download content from http://www.yidianzixun.com/article/0PJk4L1V?s=&appid=
Download content from http://www.yidianzixun.com/article/0PYW2Dsy?s=&appid=
Download content from http://www.yidianzixun.com/article/0PIuFWiL?s=&appid=
Download content from http://www.yidianzixun.com/article/0PJRp4g0?s=&appid=
Download content from http://www.yidianzixun.com/article/0PJ5d8wl?s=&appid=
Download content from http://www.yidianzixun.com/article/0PIuC56a?s=&appid=
Download content from http://www.yidianzixun.com/article/0PIyGdyZ?s=&appid=
Start download 高以翔最后一部剧
URL =https://www.yidianzixun.com/channel/w/高以翔最后一部剧
Download content from http://www.yidianzixun.com/article/0PYgiPmd?s=&appid=
Start download 虞书欣 Lisa亲我了
URL =https://www.yidianzixun.com/channel/w/虞书欣 Lisa亲我了
Start download 虞书欣 Lisa亲我了
URL =https://www.yidianzixun.com/channel/w/虞书欣 Lisa亲我了
Start download 虞书欣 Lisa亲我了
URL =https://www.yidianzixun.com/channel/w/虞书欣 Lisa亲我了
Start download 虞书欣 Lisa亲我了
URL =https://www.yidianzixun.com/channel/w/虞书欣 Lisa亲我了
Download content from http://www.yidianzixun.com/article/0PVpf1of?s=&appid=
Download content from http://www.yidianzixun.com/article/0PKnkZfu?s=&appid=
Download content from http://www.yidianzixun.com/article/0PXxqgya?s=&appid=
Download content from http://www.yidianzixun.com/article/0PKCbFwG?s=&appid=
Download content from http://www.yidianzixun.com/article/0PQdVYuK?s=&appid=
Download content from http://www.yidianzixun.com/article/0PVDgyOo?s=&appid=
Download content from http://www.yidianzixun.com/article/0P35rNQg?s=&appid=
Download content from http://www.yidianzixun.com/article/0PK6uKv3?s=&appid=
Download content from http://www.yidianzixun.com/article/0PLtvFWW?s=&appid=
Download content from http://www.yidianzixun.com/article/0PYhKSMJ?s=&appid=
Download content from http://www.yidianzixun.com/article/0PWUmJrN?s=&appid=
Download content from http://www.yidianzixun.com/article/0PVQDQKi?s=&appid=
Download content from http://www.yidianzixun.com/article/0PMCXbfQ?s=&appid=
Download content from http://www.yidianzixun.com/article/0P3LuByY?s=&appid=
Download content from http://www.yidianzixun.com/article/0PGNC2Ra?s=&appid=
Download content from http://www.yidianzixun.com/article/0PYRRrKV?s=&appid=
Download content from http://www.yidianzixun.com/article/0PTgRuzK?s=&appid=
Download content from http://www.yidianzixun.com/article/0PKUQxax?s=&appid=
Download content from http://www.yidianzixun.com/article/0POtsjhc?s=&appid=
Download content from http://www.yidianzixun.com/article/0P4KUilh?s=&appid=
Download content from http://www.yidianzixun.com/article/0PJJzyvn?s=&appid=
Start download 男女交往的禁忌
URL =https://www.yidianzixun.com/channel/w/男女交往的禁忌
Download content from http://www.yidianzixun.com/article/0PYZJrBP?s=&appid=
Start download 操场埋尸案家属放弃民事赔偿
URL =https://www.yidianzixun.com/channel/w/操场埋尸案家属放弃民事赔偿
Start download 操场埋尸案家属放弃民事赔偿
URL =https://www.yidianzixun.com/channel/w/操场埋尸案家属放弃民事赔偿
Start download 操场埋尸案家属放弃民事赔偿
URL =https://www.yidianzixun.com/channel/w/操场埋尸案家属放弃民事赔偿
Start download 操场埋尸案家属放弃民事赔偿
URL =https://www.yidianzixun.com/channel/w/操场埋尸案家属放弃民事赔偿
Start download 操场埋尸案家属放弃民事赔偿
URL =https://www.yidianzixun.com/channel/w/操场埋尸案家属放弃民事赔偿
Download content from http://www.yidianzixun.com/article/0PYt5ZAq?s=&appid=
Download content from http://www.yidianzixun.com/article/0PYqrDby?s=&appid=
Download content from http://www.yidianzixun.com/article/0PYpoNTK?s=&appid=
Download content from http://www.yidianzixun.com/article/0PCpkpbe?s=&appid=
Download content from http://www.yidianzixun.com/article/0P1oMgqk?s=&appid=
Download content from http://www.yidianzixun.com/article/0PYtRwkg?s=&appid=
Download content from http://www.yidianzixun.com/article/0PXjMFCX?s=&appid=
Download content from http://www.yidianzixun.com/article/0PSN18Wc?s=&appid=
Download content from http://www.yidianzixun.com/article/0P9bIBXS?s=&appid=
Download content from http://www.yidianzixun.com/article/0P28p11b?s=&appid=
Download content from http://www.yidianzixun.com/article/V_03zv4mLA?s=&appid=
Download content from http://www.yidianzixun.com/article/0P1t9LD8?s=&appid=
Download content from http://www.yidianzixun.com/article/0P29TmEW?s=&appid=
Download content from http://www.yidianzixun.com/article/0PSc9M5W?s=&appid=
Download content from http://www.yidianzixun.com/article/0PPkuv7W?s=&appid=
Start download 央视评地摊经济
URL =https://www.yidianzixun.com/channel/w/央视评地摊经济
Download content from http://www.yidianzixun.com/article/0PYUUYrS?s=&appid=
Download content from http://www.yidianzixun.com/article/0PS3BxDa?s=&appid=
Download content from http://www.yidianzixun.com/article/0PXWjTKz?s=&appid=
Download content from http://www.yidianzixun.com/article/0PXImKkL?s=&appid=
Download content from http://www.yidianzixun.com/article/0PWLCltC?s=&appid=
Download content from http://www.yidianzixun.com/article/0PVii7E3?s=&appid=
Download content from http://www.yidianzixun.com/article/0PXKVNR1?s=&appid=
Download content from http://www.yidianzixun.com/article/0OxN142C?s=&appid=
Download content from http://www.yidianzixun.com/article/0PKSVv0S?s=&appid=
Download content from http://www.yidianzixun.com/article/0PRt1K2E?s=&appid=
Download content from http://www.yidianzixun.com/article/0PUaEc1U?s=&appid=
Download content from http://www.yidianzixun.com/article/0POpORce?s=&appid=
Download content from http://www.yidianzixun.com/article/0PBNXfCI?s=&appid=
Download content from http://www.yidianzixun.com/article/0OzA7URQ?s=&appid=
Download content from http://www.yidianzixun.com/article/0PYXj2pd?s=&appid=
Download content from http://www.yidianzixun.com/article/0PN1b4LR?s=&appid=
Download content from http://www.yidianzixun.com/article/0PNTd5Gx?s=&appid=
Download content from http://www.yidianzixun.com/article/0PWrFmsi?s=&appid=
Download content from http://www.yidianzixun.com/article/0P14reEu?s=&appid=
Download content from http://www.yidianzixun.com/article/0PN5mRhu?s=&appid=
Download content from http://www.yidianzixun.com/article/0PBtwgCC?s=&appid=
Download content from http://www.yidianzixun.com/article/0PS88E0S?s=&appid=
Download content from http://www.yidianzixun.com/article/0PY1TafJ?s=&appid=
Download content from http://www.yidianzixun.com/article/0PYYmijO?s=&appid=
Download content from http://www.yidianzixun.com/article/0O3n0uSD?s=&appid=
<<专题名称>>
路面现大量三角钉致多车接连爆胎

<<新闻列表>>
Title: 太缺德!河北一路面现大量三角钉致多车接连爆胎,什么心理?
Content: 

Title: 张家口一路段地上遍布铁钉多车接连爆胎,警方回应
Content: 据河北张家口市公安局官方微博消息，近日，网上一段《河北坝上有人故意往路上放焊好铁钉，已经有好几辆车被扎》的视频引起关注。张家口市公安组织开展调查，初步了解到：5月30日10时许，内蒙古多伦县大北沟镇白沙梁子村村民周某在本村发现有人偷狗，遂与其兄弟一起驾车追赶，偷狗人驾车从白沙梁子村一路向西行驶，途经塞北管理区，沿239国道一路向北驶入内蒙古锡林郭勒盟正蓝旗境内，在此路段为摆脱追赶，从车上扔出铁蒺藜。周某追赶至正蓝旗黑城子检查站附近，发现其车胎被扎，无法行驶，向正蓝旗黑城子派出所报警。

Title: 突发!贵阳一处路面开裂拱起1米多高,致多车拥堵,正紧急抢修中!
Content: 今早，本报收到市民爆料，贵阳东山路与宝山北路交叉口路面开裂凸起足有1米多高↓↓↓今早记者赶到现场看到路边围栏已被挤变形人行道上约12块地砖也已裂开路面受损处已采取安全措施并有工作人员值守禁止无关人员逗留据云岩区市政所副所长介绍，路面大概在凌晨两点左右鼓起，当晚他们就接到通知赶到现场。据了解，路面是突然凸起的，随后相关部门人员到现场。目前东山往宝山北路方向出现严重堵车现象但另一方向，暂未受影响据云岩区应急办工作人员现场介绍为配合挖掘机工作该方向的三车道改为两车道据工作人员介绍，为了安全起见，防止发生次生灾害，暂未立即对路面凸起原因展开调查，相关专家正在赶往现场。至于宝山北路地下通道是否立即关闭，也要等部门协商，专家调研后作出决定。

Title: 货车爆胎翻车!一车猪“大闹”高速路
Content: 4月14日10时40分许，德州高速交警四大队指挥中心接到群众报警，称在青银高速往济南方向359KM附近发生一起车辆侧翻事故，情况十分紧急，接到报警后，正在附近执勤巡逻的四大队民警立即赶赴现场处置。执勤民警到达现场后发现，一辆货车侧翻在路边，有些猪跑到了车道里面，而事故现场后方1公里附近车道上还有几头猪在四处走动，见有人过来，“二师兄”们更是四处逃窜，严重影响过往车辆行车安全，情况十分惊险。民警立即向指挥中心报告寻求增援，在路政部门配合下对事故路段进行临时管控，勘查清理事故现场，过路驾驶员也热心地过来帮忙控制现场的生猪，很快“二师兄”们就被撤离到了应急车道上，待转运生猪的车辆到达现场后，高速交警和所有工作人员及驾驶员朋友齐心协力把这些生猪都赶上了车。驾驶员师傅说，自己驾车从德州上高速，行驶到青银高速济南方向359公里的时候车子后轮发生爆胎，造成货车发生侧翻，并滑行20余米，车上装载的十几头生猪掉落到了高速公路车道上，并且四处乱窜，自己没办法控制现场，于是就报了警。幸亏及时赶到的高速交警、路政和热心的驾驶员朋友帮助，才挽回了自己的部分损失。看看视频里的案例个个都是血的教训守护爆胎安全的重要性不言而喻！·守护爆胎安全，首选泰斯福德！·取得国内外24项专利！·通过国家汽车质量监督检验中心、公安部产品质量监督检验中心、定远试验场（军方）针对相关车型的爆胎道路试验和检测中鉴证！·荣获2017届金点设计大奖（被誉为设计界的金马奖）！·参与并起草多项爆胎安全应急装置产品的国家标准的制定！·广泛应用到各大主机厂，获得高度赞扬！↓↓↓文章：泰斯福德力助边防事业，车辆高速爆胎官兵安然无恙。泰斯福德爆胎爆胎应急安全装置的工作原理是在车辆爆胎瞬间，安全装置紧紧咬住轮胎，能够有效避免轮毂与地面接触，保障不会发生轮毂和轮胎分离的情况，让车辆能够可有效操控行驶、有效制动，第一时间保证人员及车辆安全，将爆胎所引发的事故隐患及损失降至最低。泰斯福德爆胎安全锁填补汽车安全缺陷时刻保护家人安全守护您的安全和幸福我知道你在看哟 ▼

Title: 狗尿呈酸性就会腐蚀轮胎,甚至导致爆胎?那每天得有多少车爆胎
Content: 有车的朋友应该听说过，狗尿会腐蚀轮胎的说法。但车辆停在外面，轮胎上经常有一大泡狗尿是常事啊，有时甚至是四个轮胎都有，那这样的话岂不是很容易爆胎？究竟狗尿是否真的有这么大的杀伤力呢？今天，就为大家解开这个谜团。为什么狗狗喜欢在轮胎上尿尿呢？其实，狗狗也并非特别喜欢在轮胎上尿尿，它们可能会在树干上、电灯柱上、轮胎或者是路边的花坛下尿尿，这是因为它们想通过尿尿来覆盖环境中不熟悉的气味，使周围都是自己熟悉的味道，这会让它们感到很安心。除此之外，狗狗会用尿尿来标记自己的领地，划分自己的势力范围。可能有些朋友观察发现，一根电灯柱上可能会有不一样高度的两泡狗尿。这很可能是一些体型较大的狗狗用自己的尿液来覆盖体型较小的狗狗的气味，这可以看作是一场没有硝烟的战争。言归正传，那狗尿是否真的会有腐蚀性呢？有些人认为，因为现在的狗狗主要是食肉为主，所以它们拉出来的尿都是呈酸性的。如果它们把尿撒在轮胎上，狗尿液中的酸性物质就会腐蚀轮胎。若轮胎上的金属是铝制的，酸会同铝以及空气中的氧气发生反应使金属变黑，使轮胎的强度减弱。如果轮胎上的金属是铁制的，轮胎就会生锈。而且狗狗尿液的的酸性，甚至还要比酸雨要强得多。酸雨会腐蚀轮胎，更何况是酸性更强的狗尿呢？但其实，这种担忧是多虑的。有专家对狗狗的尿液成分做出了检测。根据结果数据表明，狗狗的尿液中，水的含量占到全部成分中的90%，有3%-5%的成分为尿素，其余的成分还有钠、钾、磷、葡萄糖、淀粉酶。而且，狗狗的尿液PH值一般在5.4到8.4之间，呈现的是弱酸性。这么弱的酸性其实是不足以腐蚀汽车轮胎的的。而且目前市面上的汽车轮胎都是橡胶材质制作的，本身就有很强的耐腐蚀性。随着技术的发展与完善，如今很多汽车轮胎厂在制作轮胎的过程中，都会进行硫化处理，目的就是为了使橡胶的化学性质更加稳定，比如说耐磨、抗老化、耐腐蚀、有弹性等。如果要说真正能够对汽车轮胎造成磨损的话，除了日常的自然损耗外，就是紫外线了。所以，我们得出的结论就是，狗尿虽然是呈酸性，但其是弱酸性，根本不足以腐蚀汽车轮胎。而且如今的轮胎多数是橡胶轮胎，具有耐腐蚀的特性。所以各位车主们，不用太过于担心自己的轮胎会被狗狗的尿液腐蚀哦！狗狗尿尿的味道的确很臊臭，若车主们不想狗狗在自己的爱车上尿尿的话，不妨在轮胎上喷点狗狗讨厌的气味，例如花露水、风油精，或是市面上有售的防狗尿喷雾等。科学养宠，上【巨小萌】。每天不间断养狗知识解决你的疑惑，实用有效的狗狗训练小技巧，帮你更好养狗。本文为一点号作者原创，未经授权不得转载

Title: 车轮胎外壁有划痕还可以跑高速吗?记住这个判定,不担心爆胎.
Content: 如今考驾驶证和交通法规的逐渐严格，很多车主都很重视行车安全，尤其是像现在夏天，因为气温比较高，属于爆胎事故的高发期。假如我们的车子轮胎侧壁上出现了划痕到底能不能上高速呢？相信这个问题困扰和纠结了很多朋友，因为很多车主对轮胎的结构不了解，所以胎壁只要出现一刮伤就很紧张。实际上，胎壁刮伤能不能上高速？轮胎能不能继续用？这也分很多种情况，要根据具体情况分析。上图为轮胎结构图，我们可以看到，轮胎不是单一的一层橡胶，它是多层橡胶加一些复合材质，最内侧属于它的气密层，中间有支撑层和帘布层，最外层还有橡胶层，我们再看一下，它的侧壁的确比轮胎的胎冠薄很多，所以侧壁划伤对轮胎的伤害要比胎冠是严重更多。当我们轮胎侧壁受伤之后能不能跑高速？我们可以把刮伤的口子掰开看看，如果没有深及到帘布层，也就是说侧壁的帘子线没有受到断裂，其实这种损伤对于轮胎的安全影响并不大。举个简单的例子，轮胎的帘布层就像我们房子建筑的时候承受重量和强度那一层，所以说你的房子渗水那是白石灰掉下来，但是房子是不会倒的，并不会影响房子的结构和强度。但是这里我们还是要非常注意一点，就是有些轮胎虽然侧壁看上去没有开放性伤口，但轮胎有可能是受的内伤，例如挤压到马路牙子挤压得比较厉害，若胎壁比较牢固，就不会有开放性的划痕，但时间慢慢长了，轮胎被挤压的地方因为它里面的帘子线在挤压的时候造成了拉伸或断裂，所以这个地方时间长了之后就会慢慢的会鼓包，一旦轮胎出现鼓包，不管你的轮胎有没有伤口，你这个轮胎必须要更换，因为鼓包点代表它里面的帘子线已经出现了损伤，一旦发生鼓包，可能高速上温度过高，速度稍微快点，挤压稍微厉害一点，就可能出现爆胎。所以说，我们的轮胎侧壁蹭伤、刮伤之后，理论上只要轮胎帘子线没有损伤，就是没有发生鼓包的情况下，轮胎都是安全的。如果你要跑高速确实不放心，那也可以采取更保守的做法，就是把前胎放到后胎去，这样开着就放心点。假如你的车子有质量不错的全尺寸备胎，就可以把受损的轮胎更换掉，把拆下来的轮胎作为低速应急用是没有问题的。最后想提醒各位车主，虽然我们有时候轮胎被刮伤，当时没事，但时间长了之后被刮的可能地方也会出现鼓包，所以说我们在平时用车的过程中要养成一个勤于检查轮胎的习惯，建议大家可以一周到半个月检查一次轮胎，养成良好的用车习惯才能保证我们的用车安全。

Title: 为抢假烟在高速逆行追逐致多车相撞!9人最高获刑十一年
Content: 为抢假烟，两伙人在高速路上逆行追逐，最终引发多车相撞，日前，东莞市第三人民法院对该起案件作出一审判决，认定9名被告人犯以危险方法危害公共安全罪、抢劫罪、非法经营罪，数罪并罚，判处其有期徒刑十一年至四年不等，并处罚金，赔偿被害人及高速公路公司的损失。争抢假烟高速上演“速度与激情”2018年5月23日，被告人何某明指派李某驾车运输假烟至广州，次日凌晨，李某告知何某明假烟及车辆被抢。后何某明等人驾车进入高速，根据车辆特征寻找运输假烟车辆，发现被告人刘某明、于某辉驾驶的两辆车特征相近，遂电话告知李某2人驾车在高速等候。随后，李某等人驾车在潮莞高速常平收费站处追上刘某明所驾车辆，欲并线逼停，于某辉见状驾车追上并持钢珠弹弓射击李某车辆，李某遂撞向刘某明车辆，刘某明掉头逆行驶上高速，李某、于某辉驾车尾随。三车在高速救援通道逆行，于某辉追上后撞上李某车辆，致使李某车辆失控滑行并与正常行驶货车、牵引车相撞，引发严重交通事故。案发后，三车司乘人员逃离现场。 当天中午，公安机关查获刘某明、于某辉驾驶的汽车，并分别在两人车上起获香烟1100条、1400条，经鉴定均系假冒注册商标且伪劣卷烟。之后，9名被告人相继被抓获，并被提起公诉。数罪并罚9人最高获刑十一年法院经审理认为，9名被告人以危险方法危害公共安全，其行为均触犯刑律，构成以危险方法危害公共安全罪，另外，李某、何某明等7人使用暴力手段劫取他人财物，其行为还构成抢劫罪，于某辉、刘某明未经许可非法经营烟草专卖品，情节特别严重，其行为还构成非法经营罪，各被告人一人犯数罪，依法均应当数罪并罚。根据9名被告人的犯罪情节及悔罪表现，东莞市第三人民法院以以危险方法危害公共安全罪、非法经营罪分别判处于某辉、刘某明有期徒刑十一年、十年，并分别处罚金五万元，以以危险方法危害公共安全罪、抢劫罪判处李某、何某明等7人有期徒刑十一年至四年不等，并处两万至五万元罚金不等，9人还被判赔偿被害人及高速公路公司共二十万余元。

Title: 快递车撞到垃圾转运车又撞上货车致两人受伤
Content: 快递车连撞两车致两人受伤6月4日6时许，在泉州晋江世纪大道灵源街道曾林社区路段，一辆快递车撞到一辆同向行驶的垃圾转运车后，冲上辅道又撞上一辆货车，事故共造成三车受损、两人受伤。快递车上的包裹散落一地 （读者供图）事故发生后，晋江交警部门迅速赶到现场处置。快递车车厢严重变形受损，车上包裹散落一地，工人们正在辅道上将包裹转移到其他车辆上。据现场群众介绍，事发当时快递车先是撞上同向车道上的环卫车，导致环卫车侧翻，随后快递车冲过路肩绿化隔离带，撞倒路灯和绿化树，冲上辅道撞上一辆货车。事故共造成快递车司机和货车司机受伤，其中快递车司机被困在驾驶室受伤较重，由消防人员赶来将其救出送医救治。目前，事故原因还在调查当中。

Title: 太缺德!河北一路段多车接连爆胎,地上竟遍布故意焊制的铁钉
Content: 

Title: 下坡路段,大货车刹车失灵,致多车相撞,现场一片狼藉!
Content: 

Title: 马路出现轮胎杀手,同一路面出大坑,致4辆车同爆胎
Content: 

Title: 老化轮胎未更换高速路爆胎致死伤,车主获刑14个月
Content: 

Title: 爆胎不是突如其来,前有4个预兆,不懂拿笔记别等车毁人亡才后悔
Content: 在汽车给人们的生活和工作提供便利的同时，其实也会把人们带入危险之中，比如在驾驶车辆的时候发生爆胎的意外。尤其是车辆在高速行驶的状态下，发生爆胎，后果不堪设想。其实，车爆胎也不是突如其来，而此前也会有4个预兆，不懂的话建议拿笔记下来，别等到车毁人亡才知道后悔。第一，车胎表面的胎纹磨损严重；因为轮胎在工作的时候需要高速旋转和地面发生强烈摩擦，轮胎的胎纹会有一些磨损。如果是磨损的比较严重的话，这种情况下，发生爆胎的风险将会大大增加，建议大家还是及早的更换新的轮胎以确保行车安全。第二，轮胎上出现鼓包的现象；当然这种情况并不是所有轮胎都会发生。不过发生了一定要注意，这是由于车辆行驶在路况较差的环境中造成的，往往是向胎壁一侧突出。如果是驾驶车辆经过坑坑洼洼的地方，轮胎鼓包就会与之摩擦，甚至是造成爆胎。第三，轮胎上出现裂纹；出现裂纹一般有两种情况，一种是车辆在行驶的过程中有尖锐的物体划过轮胎表面，将会在轮胎上面留下一道裂纹。另外，轮胎表面有可能会出现很多细小的裂纹，这是由于轮胎使用年限较长造成的。不管是哪一种，还是建议大家及早更换新的轮胎，不然爆胎的风险将会大大增加，影响行车安全。第四，胎压不稳；很多车辆都配备了胎压检测功能，可以实时关注胎压的一个状况，如果胎压不稳，车辆也会发出警报。为啥说胎压不稳会提高爆胎的风险呢？不管是胎压过低还是胎压过高，都会加剧轮胎与地面的摩擦。尤其是在一些路况条件较差的道路上行驶，风险都将会大大增加。所以，如果看到这4个征兆，还是建议大家尽快更换轮胎。本文为一点号作者原创，未经授权不得转载

Title: 爆胎车被迫停在高速公路天津巡查交警及时发现安全处置
Content: 4月5日上午10时许，公安交警高速支队津静大队交警巡查至在津沧高速公路上行52公里900米处发现，一辆中型面包车亮着双闪灯停在应急车道内，车后放置着三角警示牌。民警李兴、韩鹏立即上前查看情况。原来，该车行至此处时，左后方轮胎突然爆裂而无法继续行驶。由于车上没有备胎，只能把车停在应急车道内。故障车驾驶人虽然已经联系了汽修人员，也在车后摆放了三角警告牌，但他在等待维修过程中发现，过往车辆疾驰，担心万一后车驾驶人没有及时躲避，危险随时会发生，因此万分焦急。巡查交警不停疏导过往车辆安全通行，并安排辅警李志港、刘勐、郝健以最快速度在故障车后方摆放了多个锥桶，加强安全防护，警示过往车辆注意减速。同时，交警要求故障车驾驶人再次联系汽修人员尽快赶到现场，减少等待时间以降低引发追尾事故的风险。故障车换好轮胎后，交警又对车辆进行了全面安全检查，确认该车无安全隐患后，才让驾驶人驾车离开。随着气温升高，高速公路上车辆爆胎事故发生机率增加，而万一高速公路行车途中遭遇爆胎，驾驶人在途中停车换胎，引发二次事故的几率也很高。近一个月以来，高速交警在巡查工作中已发现多起车辆爆胎情况在此提示广大驾驶人，远途出行前一定要检查车辆的状况，并确保车辆必要备件齐全后，再进入高速公路行驶，如遇到紧急情况要及时拨打报警电话求助。此外，引发车辆爆胎的因素还包括车辆安装的轮胎型号不符，或是超载、超员等令车辆超负荷工作的违法情况，因此驾驶人和车主一定要自觉避免发生上述情况，减少交通安全隐患。

Title: 广西柳州强降雨致城市内涝,柳江水位超警戒线现已缓慢回落
Content: 连日来，广西柳州持续强降雨天气。据气象部门预报，此轮降雨将持续至6月7日，柳州市气象局已于4日11时30分将重大气象灾害（暴雨）Ⅳ级应急响应提升为Ⅲ级应急响应。澎湃新闻（www.thepaper.cn）6日从柳州市防汛抗旱指挥部了解到，受降雨影响，柳江柳州水文站于6月6日4时30分出现洪峰水位82.93米，超警戒水位0.43米，截至13时30分，水位已回落至82.50米，目前水位在缓慢回落。另据水利部消息，鉴于当前流域防汛形势，柳江所属的珠江水系水利委员会决定于6月5日16时将防汛Ⅳ级应急响应提升为Ⅲ级。柳州6月6日一早连发暴雨预警。澎湃新闻从柳州市气象局了解到，6日6时54分气象局发布暴雨橙色预警信号，预警称强降雨云团正缓慢东移，预计未来2-3小时柳州市区北部将有30-50毫米的强降雨，并可能伴有雷电、短时大风等强对流天气，城区积涝气象风险较大，请防范。两个小时后，气象局于8时12分更新发布暴雨红色预警，预警显示，6到8时柳州市区北部已出现60到70毫米的强降雨，目前，强降雨云团正缓慢东移，强度维持，预计未来3小时柳州市区大部仍将有30到50毫米的降雨，局部伴有雷电、短时大风，城区积涝气象风险很大。暴雨对当地人员的生活造成了影响。澎湃新闻从柳州市消防支队获悉，柳州柳城、融安、鹿寨等地区已出现了数起人员、车辆被困的情况，经消防救援人员紧急处置，被困人员和车辆都已被成功转移。澎湃新闻从柳州市交警支队获悉，根据防汛预案，支队已对水淹路段加强巡查和水淹道路安全管控处置工作，并采取有效措施疏导分流交通。对于停在积水路段的车辆，柳州交警也将通过交管系统查询联系车主。持续暴雨也造成了洪水隐患。水利部水文情报预报中心6月5日晚曾发布洪水蓝色预警，预警称，受强降雨影响，柳江干流出现明显涨水过程。6月6日，澎湃新闻从柳州市防汛抗旱指挥部了解到，柳江柳州水文站于6月6日4时30分出现洪峰水位82.93米，超警戒水位0.43米（警戒水位82.50米）,相应流量15600立方米每秒，为常遇洪水。13时许，柳州市防汛抗旱指挥部最新通报显示，柳江柳州水文站水位已回落至82.50米，相应流量11600立方米每秒，目前水位在缓慢回落。针对当前防汛形势，水利部于6月5日16时启动水旱灾害防御Ⅳ级应急响应，在前期派出2个工作组赴江西、浙江的基础上，增派2个工作组分赴广西、湖南协助指导防御工作。同时派出暗访督查组，检查地方洪水防御工作；先后发出3个通知，要求广西、浙江、江西等6省区水利部门做好监测预报、工程巡查和调度等工作，及时发布预警信息，提请地方政府做好抗洪抢险和人员转移等准备，特别是针对广西专门发出通知，要求做好迎战大洪水的各项工作。

Title: 昆玉高速现大坑,多车路过爆胎成隐患,高速“坑”司机惹吐槽!
Content: 

Title: 沃尔沃s90车身共振,奔驰e级爆胎,2019年这几款中大型车投诉最多
Content: 文|凌清 图|车宇世界、网络温馨提示：车宇世界，被网友称为车圈老干部，只做最真实的车评。有问题，来投稿，我们本年度开通车主来稿栏目，欢迎各位车主交流。每周，车宇世界会推出不同车型文章，为大家提供购参考。日前，车宇世界为大家介绍了2019年国内微面车型排行榜。本篇文章，基于车质网发布的数据，我们将会继续为大家介绍2019年中大型轿车投诉帮当，以便为预计购车的朋友提供参考。  奔驰E级 从车质网发布的《2019年国内中大型车投诉排行榜》可以看出来，位居投诉榜单前10名的投诉车型，不仅有奥迪A6L、奔驰E级、宝马5系这样的热销车型。同时，一些销量并不多的车型，投诉也不少，像凯迪拉克XTS、凯迪拉克CT6、雷克萨斯ES等也位居投诉榜单前10名。更为值得注意的是，一汽皇冠、大众辉昂、众泰Z700这种销量微乎其微的车型，竟然也位居投诉榜单前10名。下面，基于车质网数据，车宇世界将会主要给大家介绍2019年投诉最多的几款中大型轿车。2019年中大型车投诉榜  车型1：大众奥迪A6L 排名第一根据车质网发布的数据显示，2019年投诉最多的中大型车为奥迪A6L。至于其上榜的主要原因则是变速箱异响、车内异味等问题多。不过，这里需要大家说明的是，目前在售2019款车型，这方面的问题倒是并不多。车宇世界查询发现，存在着部分变速箱异响的案例，至于车内异味则主要是以前车型存在的问题了。奥迪A6L  车型2：北京奔驰E级 排行第二名车质网数据显示，2019年奔驰E级由于轮胎爆胎、制动系统异响等方面的问题，位居车型投诉榜单第二位。众所周知，作为一款中大型车，奔驰E级一直有着不错的销量。数据显示，即使在2020年1月份，奔驰E级单月销量为20262辆，位居乘联会发布的20201月份高端轿车销量榜单首位。当然，在2020年2月份，由于车市特殊情况的存在，奔驰E级单月销量为3017辆，同比下滑67.5%。奔驰E级  车型3：沃尔沃S90 排行榜第三位作为一款中大型轿车，沃尔沃S90在同级车中整体上有着较好的产品力表现。而且，目前终端有着非常大的优惠。在媒体的车友购车咨询中，这款车型出现的频率也非常高。但是，这款车型存在着一个比较严重的通病，即沃尔沃S90存在着严重的车身共振的问题。事实上，根据车质网发布2019年中大型车投诉排行榜显示，由于车身共振以及发动机抖动等方面的问题，沃尔沃S90位居投诉榜单第三位。 沃尔沃S90 车型4：宝马5系 投诉榜单第四位作为一款中大型轿车，宝马5系凭借着宝马的品牌光环，加上比较强的产品力，在中国车市一向有着比较强的竞争力。在2019年车质网发布的中大型车投诉榜单上，宝马5系因为发动机漏油、轮胎鼓包等问题多发，位居车型投诉榜单第4位。宝马5系  车型5：凯迪拉克XTS 投诉榜第5位作为比较活跃的二线豪车品牌，凯迪拉克在2019年最为让人热议的事件之一，恐怕就是“白菜价卖车”了。作为凯迪拉克旗下的一款中大型车，凯迪拉克XTS虽然销量整体不算太好，但是在车质网发布的中大型投诉榜单上，其位居第5位。 凯迪拉克XTS 车型6：雷克萨斯ES 位居投诉榜第9位最近丰田可以说摊上事情了，显示因为燃油泵问题导致行驶中车型了熄火隐患，可能在全球召回320辆车型。另一方面，旗下的车型，如亚洲龙、RAV4、凯美瑞等车型集中爆发机油增多，其中雷克萨斯ES也未能幸免。2019年，车质网发布的中大型车投诉榜单显示，雷克萨斯ES由于发动机烧机油、空调等问题，位居车型投诉榜单第9位。不得不说，原来雷克萨斯在2019年烧机油，到2020年就变成了机油增多。 雷克萨斯ES 本文结语：当然，从榜单上，我们不难看出了，诸如众泰Z700、皇冠、凯迪拉克CT6、大众辉昂等车型，在位居投诉榜单前10名。由于篇幅问题，我们不再做详细的介绍。声明：本文为车宇世界运营部原创文章，凌清审阅，部分图片来源于网络，标注来源的数据及相关资料均为引用。车宇世界原创版权所有，转载请注明来源及作者。本文拒绝任何形式的抄袭、改编等行为，否则将追究法律责任。爱车，就来车宇世界，您的专属选择。本文为一点号作者原创，未经授权不得转载

Title: 四川一货车疑刹车失灵,一路横冲直撞致多车连撞,惊险一幕被拍下
Content: 

Title: 台南路面又现坑洞因老旧水管破裂致车辆被困
Content: 台南市南区德兴路192号11日晚上地面突现坑洞，导致一辆垃圾车被困。（图片来源：台湾“中时电子报”）中国台湾网2月12日讯 据台湾“中时电子报”报道，台南市南区德兴路192号11日晚上地面突现坑洞，导致一辆垃圾车被困，今早（12日）现场开挖确认是自来水老旧管线破管造成，目前正在换管抢修，预计下午5时前可修复完工。台南市工务局表示，11日晚间南区德兴路190巷口发生垃圾车下陷路面坑洞事故，经现场初勘该坑洞约2米*2米大小，深度约95厘米，下方一直有水流动，初判疑似自来水漏管造成掏空，自来水公司人员9点半现场勘查，也初判为该公司150mm管线破管造成，下陷垃圾车于晚间9点35分吊起后驶离。工务局称，今早7点半自来水公司即至现场开挖抢修该坑洞，预计下午5时前可以修复通车。（中国台湾网 贾若澜）

Title: 服务群众丨高速公路车爆胎交警路管员暖心与教育并施
Content: ​ 5月30日18时30分许，三亚交警高速公路管理大队路管员崔传亮、冯周凯、韦多丰在巡逻至东往西249+300km处时，发现一辆作业货车抛锚停靠在应急车道上，且未在车辆后方放置警示防护标志，交警路管员见状立即上前查看情况。 经了解，该车辆由于右后方轮胎破损无法正常行驶，遂紧急停靠在应急车道上，无人员受伤。驾驶人吴先生（男，49岁）一行因事发突然，情绪十分惊慌，思虑不周，其联系过维修人员后就自行在安全区域内等待救援，交警路管员崔传亮等人遂疏导车辆，示意后方来车注意避让，并陪同等待维修人员。 同时交警路管员也对驾驶人进行了现场教育，告知其高速公路上发生车辆故障或交通事故未按规定设置警告标志是交通违法行为，违反了《道路交通安全法》第68条第1款，依据《道路交通安全法》第90条之规定，对驾驶人吴先生作出罚款200元处罚，机动车驾驶证记3分，最后提醒其驾驶人吴先生出车前要做好安全检查，发生车辆故障或交通事故要做好安全防护。编辑搜图请点击输入图片描述​

Title: 老化爆胎致死伤,车主被判刑!不懂车要坐牢!
Content: 昨天各个微信群、在QQ群里都被一张截图给“刷屏”了，而那张截图里的内容则是引起了网友们的“超级大讨论”。事情是关于“轮胎老化导致爆胎，引发死伤，车主被判刑”。近日，北京顺义法院就审理了一起这样的“怪案子”。微信、QQ群里被一则新闻刷屏！爆胎导致死伤，车主被判刑！事情是这样的，2019年8月24日，杜某驾驶一辆搭载6人的面包车在顺义京承高速出京方向由南向北行驶时，左后轮突然爆胎，高速行驶的车辆失控与路侧防护栏相撞后，又与重型半挂牵引车相撞，造成1人死亡，5人受伤。据杜某称，在2015年更换了左右前轮轮胎，2017年又更换左右前车轮轮胎，将换下了的前轮胎分别对称替换掉了左右后轮胎，2019年7月右后轮胎因为爆胎进行了更换，但是因为忙，也是因为侥幸心理，没有对老化的左后轮胎进行更换。法院经审理认为，杜某违反交通运输管理法规，发生重大交通事故，致1人死亡，5人轻伤，负事故全部责任，其行为已构成交通肇事罪。因杜某犯罪后主动投案，到案后如实供述犯罪事实，系自首，已经赔偿部分伤者经济损失并取得谅解，且认罪认罚，故依法对其从轻处罚，判处有期徒刑一年二个月。引发网友炸锅：如今不懂车还要坐牢？这一来网友们是炸了锅了：作为车友开车在路上，我们能管住自己的右脚，做到不闯红灯不超速，认认真真开车规规矩矩守法。我们自身做到不违法，那么交警也不会来找我们。当然这也是确保道路交通安全的第一要责。可是车子的状态，机械部分的工作情况，轮胎的健康程度，刹车片的厚度……又有几个车主自己看得懂？特别是女司机，之前好多次几万公里不保养，然后导致车子发动机报废的案例难道还少么？那么从法律角度来说，车主是否需要懂自己的车呢？法律人士告诉我：司机确实有义务和责任在行车前检查车辆安全性。但是车友往往是真的缺少汽车相关专业知识，毕竟我们又不是学汽车专业也不是修车工出身，我们怎么会知道自己的轮胎究竟怎样才算老化？大虎悠对案件的思考：怎样的轮胎才叫“老化”？关于上述案子，大虎悠自己其实是存质疑的：因为出事爆胎的轮胎购于2015年，到发生爆胎的2019年仅仅4年时间，而主流轮胎制造商给出的专业指导意见是轮胎使用5年时，应当有专业人士对轮胎做评估，再决定是否留用。如果留用，之后每年评估一次。因此实话说法院将司机杜某的面包车轮胎定义为“老化胎”，大虎悠个人肯定是“保留质疑权利”的。但无论如何，作为车友应当引起警惕！从现在开始要好好关注我们的轮胎安全问题了！旧话重提，我们来学一下，轮胎老化与否究竟如何判断。车主自己如何查看轮胎是否“寿终正寝”？首先，大虎悠上面说了，根据主流轮胎制造商给出的专业指导意见看，一般轮胎基本上用到5年后，开始进入老化阶段，橡胶会慢慢失去弹性而变得脆弱。我们通常可以在轮胎侧面看到老旧轮胎的橡胶上密密麻麻布满了裂纹，这就是橡胶老化脆化的具体体现。此外我们还需要认真观察轮胎的胎面部位的磨损情况。我们都知道胎面的花纹其实是用来在雨天排水以及增加轮胎的抓地能力的。轮胎使用多年后，胎面的花纹就被慢慢磨损消耗掉了。于是轮胎的花纹“越来越浅”，之道最终彻底成为“光头胎”为止。轮胎花纹深度越来越浅，意味着轮胎在雨天的排水能力越来越差，轮胎本身也越来越容易打滑。虽然这并不会导致轮胎的爆胎，但却从另一个方面严重影响了行车安全。我们可以想象雨天行车因为轮胎打滑而导致车辆失控的悲剧画面。根据我国的国标规定：轮胎表面的花纹（沟槽）深度最低不允许低于1.6毫米。事实上在轮胎花纹（沟槽）深度1.6毫米的位置也都有“指示器”，方便车友自行观察判断。而欧美等国家一般建议（沟槽）深度到2毫米时就更换轮胎，主要是为了“留下更大的安全余量”。因此我一直建议车友们参照欧美建议。把注意力放在案件上，还不如多关注自己的轮胎当然不同的轮胎不同的橡胶配方，老化磨损速度也各不相同。如果您是一个比较“懒”的车主，或者平时工作繁忙，没时间去打理那些破事儿，也别急！我们在选择轮胎的时候完全可以选择“长里程优化”的产品。比如固特异久乘。全新的橡胶配方、更高的拉伸强度赋予了它长里程优秀表现，胎侧配方升级，应对持久环境考验。同时高耐久性胎侧设计增加了轮胎强度以抵御胎侧撞击。优化的花纹结构设计以及内部软垫结构的运用，保证了它在整个使用周期里维持很低的轮胎滚动噪音。回到此次案件本身，我能感受到大家对于案件判罚本身的关注度之高，但是我觉得似乎更重要的是我们能够从案件出发，去看到一点“不同的东西”。比如通过这件被炒的很热的新闻，我们完全可以将关注度聚焦到自己爱车的轮胎健康上。我想这也许才是更加实际的事情吧！

Title: 高速爆胎致快递车侧翻打滚交警:遇到此类突发情况应该这样做
Content: 5月28日13时许，在京港澳高速公路711公里西半幅，发生了惊险的一幕：郑州某快递公司一辆满载货物的货车正常行驶途中突然侧翻，在高速公路上“打起了滚儿”，其他同方向行驶的车辆纷纷紧急避让，现场刹车声一片。所幸的是，当事司机王先生并无大碍。接警后，河南省公安厅高速总队一支队事故大队民警李全亮、张迪迅速赶到事发现场对事故展开调查处置。在对事故现场勘查后，民警向当事司机王先生询问起事发原因来。“你多长时间没有检查过车辆轮胎了？”“有半年多时间没检查过了。”看着眼前自己面目全非的货车，惊魂未定的王先生还告诉民警，事发时正值中午，天气比较热，他驾车行驶到事发路段时，随着“嘭”的一声巨响，他意识到自己的车胎爆了，由于缺乏处置车辆爆胎经验，他就猛踩了一下制动，不料，车辆瞬间就失去了控制，向右侧侧翻后发生了连续滚动。要不是自己系了安全带，后果真是不敢想象！据多年从事交通事故处理工作的民警李全亮介绍，王先生的车辆爆胎后，因为他处置不当引发了侧翻事故，造成车辆的损坏严重，财产损失达2万多元。河南高速交警提示：在高速公路上一旦发生车辆爆胎，驾驶员一定要双手紧握方向盘，千万不能急刹车，要反复轻踏制动踏板，在车辆缓慢减速的同时，向爆胎的反方向转方向盘，动作不能太大或者过猛，尽量保持车辆直行状态，然后将车辆驶入应急车道上，在车后150米处放置三角警示牌，打开车辆双闪灯，只有这样才能减少或避免二次事故的发生，最大限度地降低交通事故的损失。车辆胎压过高或过低、轮胎状况不佳、超速、超载、天气高温、车辆高速驶过尖锐物体等因素，容易导致车辆发生爆胎。夏季车辆爆胎多发，提醒广大车友要经常检查车辆轮胎胎压、胎面花纹磨损、胎面沟槽异物等情况，及时发现和消除爆胎隐患，加强车辆日常保养，尽量避免轮胎在烈日下暴晒。交通安全无小事，小心谨慎行万里。郑报全媒体记者 张玉东 通讯员 刘珺 文/图

Title: 浓雾天路面结冰致多车连环相撞,两人被困
Content: 

Title: 上饶玉山:暴雨致多车被泡水中消防员半小时救出16人
Content: 

Title: 京昆高速四川段两车相撞致天然气罐体泄漏致1死1伤
Content: 记者从四川交警总队高速二支队一大队获悉，昨天（5月26日）傍晚，G5京昆高速绵阳至广元段1615km+620m处，广元往绵阳方向距小溪坝站2公里的地方，两辆货车追尾，其中一辆罐车发生侧翻导致自燃，致一死一伤。伤者已送至医院接受治疗。四川交警总队高速二支队一大队5月27日通报京昆高速公路绵阳段路况，称事故现场正在紧急处置中，请广大群众不信谣不传谣，听从现场警察指挥。（总台央视记者 黄鹂 陈凯）来源：央视新闻客户端

Title: 【佳作荐读·案例】醉酒后驾车在高速公路上逆向行驶并致多车相撞的行为性质认定
Content: 本期“佳作荐读·案例”系列推送新会法院赵淑云法官撰写的《醉酒后驾车在高速公路上逆向行驶并致多车相撞的行为性质认定——黎某以危险方法危害公共安全案》。案例编报人醉酒后驾车在高速公路上逆向行驶并致多车相撞的行为性质认定——黎某以危险方法危害公共安全案案件基本信息【罪名】以危险方法危害公共安全罪【控辩双方】公诉机关：江门市新会区人民检察院被告人：黎某基本案情江门市新会区人民法院经公开审理查明：2018年2月7日22时许，被告人黎某喝酒后驾驶粤C6***9号牌小型轿车从金门收费站进入西部沿海高速公路，由珠海往阳江方向行驶。当晚22时25分，被告人黎某驾车行驶至西部沿海高速46KM路段时突然在车道上掉头往珠海方向逆向行驶，在掉头过程中与后方由徐某驾驶的粤J7***1号牌小型轿车（搭载4名乘客）发生碰撞；被告人黎某随即继续驾车往珠海方向逆向行驶，当晚22时29分行驶至44KM+400M路段时，与由余某驾驶的粤J7***D号牌小型普通客车（搭载4 名乘客）迎面相遇，导致粤J7***D号牌小型普通客车向右避让失控而碰撞路边护栏；被告人黎某随即继续驾车往珠海方向逆向行驶，当晚22时46分行驶至38KM+100M路段时，与由许某驾驶的粤C3***1号牌小型轿车（搭载5名乘客）迎面发生碰撞。随后，被告人黎某停车等候处理。民警在处理事故时发现被告人黎某有醉酒驾驶机动车的嫌疑。经鉴定，被告人黎某血液样本中的酒精浓度为304.24mg/100ml。被告人黎某驾驶粤C6***9号牌小型轿车在西部沿海高速公路逆向行驶的距离约8公里，逆向行驶的时长约21分钟。本次事故造成许某等多人受伤及四车不同程度损坏。事故发生后，被告人黎某分别赔偿了相关车辆及伤者的经济损失共计人民币76万元，并取得上述伤者的谅解。案件焦点公诉机关指控被告人黎某犯危险驾驶罪；辩护人提出被告人黎某虽然醉酒驾驶机动车，但客观上只造成被害人轻伤和一定的财产损失，但并未达到以危险方法危害公共安全罪所规定的重大人身伤亡及重大财产损失的严重后果，也未对不特定多数人的生命、健康安全造成危害结果，从罪责刑看，本案以危险驾驶罪定罪量刑更符合罪责刑相适应的刑法原理。法院裁判要旨江门市新会区人民法院经审理认为，被告人黎某醉酒后驾驶机动车在通车的高速公路上行驶、实施掉头和逆行，严重影响高速公路的行车安全，危害不特定的多数人的生命、健康和重大公私财产安全，并致多人受伤和多车受损，虽未造成严重后果，但其行为已构成以危险方法危害公共安全罪。公诉机关指控的罪名和所提出的量刑建议均不当，不予采纳。辩护人提出被告人黎某的行为构成危险驾驶罪，依据不足，亦不予采纳。鉴于被告人黎某属间接故意犯罪，且确因酒后辨认和控制能力有所减弱所致，与蓄意危害公共安全的直接故意犯罪和其他为故意报复社会的恶意行为相比，其主观恶性和人身危险性相对较小；另外，其归案后如实供述自己的罪行，并在法庭自愿认罪，悔罪态度较好，且积极赔偿被害方的经济损失和取得谅解，依法可以从轻处罚。江门市新会区人民法院依照《中华人民共和国刑法》第一百一十四条、第六十七条第三款、第七十二条第一款、第七十三条第二款及第三款之规定，作出如下判决：被告人黎某犯以危险方法危害公共安全罪，判处有期徒刑三年，缓刑四年。一审判决后，被告人黎某没有提出上诉，公诉机关没有提出抗诉。该判决已经发生法律效力。裁判评析本案的争议焦点在于对被告人醉酒后驾车在高速公路上逆向行驶并致多车相撞的行为性质认定。根据本案的案情，被告人黎某醉酒后驾车驶上高速公路，逆行数公里又突然在原车道内掉头行驶，期间导致多车相撞和多人受伤。被告人黎某的行为应构成危险驾驶罪、过失以危险方法危害公共安全罪、还是以危险方法危害公共安全罪呢？经分析认为，被告人黎某的行为构成以危险方法危害公共安全罪，公诉机关和辩护人提出被告人黎某的行为构成危险驾驶罪的意见均不成立。原因如下：第一，被告人黎某的行为已足以危害社会公共安全。众所周知，高速公路明确规定了行驶方向，且在高速公路上的机动车行驶速度快、车流量大，被告人黎某作为一名智力正常且具有驾驶资格的司机，其应当知道并预见在通车的高速公路驾驶车辆掉头和逆行，将严重影响其他通行车辆的正常行车安全，大大增加事故发生的概率，甚至造成车毁人亡的严重后果。且本案案发在夜晚，受光线、人体作息规律等因素影响，驾驶员的注意力和反应能力更差，一旦发生突发情况，驾驶员未能及时采取有效避险措施，则将造成更为严重的后果。虽然被告人黎某在本案所实施的危害行为未造成严重后果，但其行为已足以危害了社会公共安全。第二，被告人黎某在实施上述行为时，主观上属间接故意状态。被告人黎某醉酒驾驶车辆实施本案的危害行为，其在主观上并不希望也不追求危害结果的发生，但对可能发生的危害结果持放任态度。就本案实际情况，在整个事故过程中，没有证据证实被告人黎某存在疏忽大意的过失，也没有证据反映本案中存在让其自信能避免发生危害后果的主客观条件和让其自信的基础，事实上，对于危害结果的发生，其主观上持漠视的态度，属间接故意。第三，被告人黎某的上述行为对社会所造成的危害已超出了危险驾驶罪的程度。虽然危险驾驶罪所侵犯的客体也是社会公共安全。但本案中，被告人黎某在本案中除具有醉酒后驾驶机动车在道路上行驶的犯罪行为外，同时存在在通车的高速公路上掉头并逆向行驶的行为，其上述行为足以对在高速公路上行驶的不特定的多数人的生命、健康或者重大公私财产安全造成危害，上述行为的危险性与放火、决水、爆炸、投放危险物质行为的危险性相当。另外，从处罚后果来看，根据刑法规定，危险驾驶罪的主刑最高刑为拘役六个月，如认定其犯危险驾驶罪则与其罪责刑不相适应。综上，常言道“开车不喝酒，喝酒不开车”。醉酒驾车将严重危害不特定人的生命健康安全，危害社会公共安全。本案被告人黎某醉酒驾车在高速公路上行驶，并在高速公路的直行车道突然掉头并逆行行驶约8公里，造成多车碰撞和多人受伤的，该行为已危害不特定的多数人的生命、健康和重大公私财产安全，已严重危害社会公共安全。在查清事实的情况下，法院以危险方法危害公共安全罪对被告人黎某判处有期徒刑三年。同时，根据案卷证据反映，被告人黎某案发前有正当职业、收入稳定和有固定住所，无前科犯罪行为；案发当晚确实因酒后控制力和辨别能力降低才实施了该行为，与其他为报复社会等恶意实施该行为相比，其主观恶性较小；归案后认罪悔罪表现好，已主动赔偿多名被害人经济损失，再次犯罪的可能性较低，故对该被告人适用缓刑。该刑罚适用能较好地体现了宽严相济的刑事政策，并充分发挥了刑罚的惩治和预防功能，确保了办理该类案件的法律效果和社会效果的统一。▼

Title: 面包车高速上爆胎侧翻多人被困众人合力抬车救援
Content: 大河报·大河客户端记者 于扬 实习生 郭磊 通讯员 许素云5月21日中午，大广高速周口段发生一起车祸，一辆面包车因爆胎发生侧翻，多人被困，司机头部被压。民警接到报警后火速赶到现场，设置临时交通管制，与过往热心司机一同将车辆抬起，救出了压在车下的受伤人员，并由120医护人员送往医院。当日12时40分，周口市公安局交通管理支队高速交警二大队民警接到群众报警称，大广高速周口段2064公里附近发生车祸，多人被困。接到报警后，民警迅速出发赶往现场。民警到达现场后看到，一辆面包车侧翻在应急车道里，路面上有散落的行李、物品，严重变形的车体内或坐、或躺有几名乘客。经过初步勘查，民警认为这是一起因爆胎引起的单方事故。面包车侧翻在应急车道，车轮被高速公路边缘护栏阻挡，车身平面倾斜向下，车上司乘7人全都受伤，4人从车内爬出，3人被困车内。其中，受伤最严重的是司机，头部被卡在路面和车体中间动弹不得，十分危险。见此情景，民警立即协同现场扶沟路政队员一起动手抬车，希望能先救出司机，可是，因为车辆侧翻角度问题加上车身自重较大，尝试几次都无法成功，为了不耽误伤者的伤情，挽救司机生命，民警立即决定向过路司机求助。于是，民警对该路段进行临时交通管制15分钟，向过路司机说明情况，请求大家帮助一起救出事故车司机。热心的过往司机跟随民警的指挥，齐心协力将变形的面包车抬起，用硬物做支撑，让受伤司机的头部能够不再受到挤压。随后，消防救援人员和120医护人员相继来到现场，将车内3名伤员紧急送医治疗。民警向热心相助的司机表达谢意，并立即解除道路管制让他们驾车离去。

Title: 汽车爆胎前有的4个预兆,不懂就拿笔记起来,别等车毁人亡才后悔
Content: 汽车是属于易损品，尤其是以汽车的轮胎来说，它是由橡胶制造的，在使用时间很长之后，汽车往往会面临着轮胎出现危险的情况！其中，最严重的就要数汽车爆胎了。不过老司机们提醒道：汽车爆胎前会有4个预兆，不懂的就拿笔记起来，别等车毁人亡才知道后悔。第一，车胎的磨损达到了极限。一般来说，汽车的车胎上是有花纹的，如果花纹被磨损的深度已经很高了，那么就一定要注意汽车车胎爆胎的危险。因为这时车胎的胎壁已经很薄了，经常性的摩擦会导致车胎发生爆炸，危险性也是很高的。第二，汽车轮胎有凸起的鼓包。汽车轮胎鼓包就证明轮胎内部的铁丝已经发生了断裂，或者是发生了老化，反正这种情况一定要多加注意，否则遇到压力较大的路段很容易爆胎。第三，胎面裂纹的产生。在一些不好的道路上行驶，胎面就会出现裂纹，出现裂纹之后轻则漏气，重则爆胎，爆胎的危险有多大，大家应该都知道吧！第四，胎压不稳定。胎压是造成汽车爆胎的最主要原因，有的汽车车主因为车内没有胎压检测功能，所以对车胎压的把握是不很准确的，也正是出于这样的考虑，还是建议大家经常可以去4s店检查胎压，甚至可以自行购买胎压检测设备，保证胎压就是保证我们的行车安全，千万不能掉以轻心。有数据显示，在高速行驶过程当中爆胎，发生事故的概率几乎是100%，速度超过160公里每小时之后，死亡率能够达到100%。可见爆胎的危险有多恐怖。所以在上路行车过程当中一定要注意多多检查轮胎的状况，毕竟轮胎承载着我们的全部。本文为一点号作者原创，未经授权不得转载

Title: 铁板掉落高速致多车爆胎高速交警及时处置排除险情
Content: 

Title: 货车爆胎,喷飞路人后续|路人弹出4米,致左股骨骨折,警方公布调查结果
Content: 17日23时左右在海口新海港待渡停车场内一辆货车正在拐弯驶入待检车道时车后右轮剐蹭到隔离柱轮胎突然发生了爆炸一名身着白色T恤的男子正好从旁边经过轮胎爆炸产生的冲击波瞬间将其击倒整个人躺在地上起不来了监控录像显示轮胎爆炸 一名路过的行人被击飞倒地民警公布调查结果：参与事故调查的民警介绍，货车四轴的轮胎爆裂，造成轮毂飞出，目前初步调查结果是，货车方向角度没有打好，剐蹭到旁边的隔离柱子，之后轮胎发生爆胎。但具体的原因还要进一步调查。伤者讲述事发经过感觉有点不对劲 躲已经来不及了 18日，伤者郭先生已经做完手术，正在住院治疗。CT诊断报告书显示，他左股骨骨折。事发前，郭先生从文昌载了一车荔枝到新海港，打算过海后开到湖南。郭先生下车去买票经过那辆货车时，他感觉有点不对劲，还有意识地躲了一下，但已经来不及了，爆胎的冲击波直接将他击飞。郭先生是河南人，是一名长途货车司机，是家里的顶梁柱。郭先生称，大腿要完全恢复，可能要半年时间，误工费、营养费现在还没着落，家里还有两个小孩子要养。据了解，事故车辆是一辆闽牌货车。事故发生后，该车参保的保险公司已经介入。对于赔偿的问题，双方将会进一步协商。爆胎威力有多大？路遇爆胎应该怎么办？司机朋友们关于这些知识，你知道多少？01什么样的轮胎易爆炸？业内人士称，用翻新胎等于在车底放了炸弹，由于胎内钢丝和帆线已经老化，轮胎橡胶弹性不足，无论打气还是行驶时，爆炸风险很高。02爆胎威力有多大？这不是第一次发生汽车轮胎爆炸致死伤事件。2014年2月，云南一对夫妻在给爱车换轮胎时，突然发生爆炸，夫妻俩应声倒下，妻子不幸当场身亡；2015年10月，河南一货车司机的车胎充气时，突然发生爆炸，致两人身亡……汽车轮胎爆炸威力到底有多大？陈跃华表示，普通轿车轮胎的气压一般是2.5至3个大气压，货车的轮胎气压比轿车大得多，约有9至10个大气压。如果一个货车足气的轮胎发生爆炸，胎内气体瞬间爆炸在短距离产生的冲击波，足以把人的骨头震断。03如何避免爆胎？连日来，海口持续高温，怎样才能尽量避免爆胎呢？海口市驾培协会会长陈跃华建议，天热气体会发生膨胀，在这样的天气下，胎压不要打得过高，过高就容易导致轮胎问题。其次，要及时检查轮胎的磨损情况，如果磨损已经达到了安全线，必须及时的更换。换胎时，一定要选择质量有保障的产品，不要为了图便宜，选择翻新胎，那会带来安全隐患。提醒：天气越来越热，大家不要在汽车的轮胎前停留太久，万一车胎爆炸，会十分危险。04平时应如何养护预防？平时注意预防，杜绝爆胎隐患。车辆缺气行驶是爆胎的一个主要原因。轮胎缺气行驶，随着胎压下降，轮胎与地面的摩擦成倍增加，导致胎温升高、轮胎变软、强度下降。这种情况下，如果车辆高速行驶，就可能导致爆胎。即使车辆低速行驶，也会伤胎，为以后高速行车时种下爆胎隐患。当然，胎压过高也是不安全的。所以，平时一定要重视对轮胎的保护，定期检查胎压，保持标准胎压，如果轮胎中了钉子或者慢跑气，建议大家及时修补。上高速前，更是要细心对车进行全面检测。另外，严重受损的轮胎，即使修好之后，最好也不要在跑长途、高速时使用，以防万一。05车辆行驶中爆胎了怎么办？车辆行驶状态下瞬间爆胎，是一件很可怕的事，许多重大事故因此而起。高速时后胎爆裂，车尾会摇摆不定、颠簸不已，前胎爆裂，则会严重影响驾驶员对方向盘的控制，因此，前胎爆裂的危害可能比后胎爆裂的危害要大。如果不能正确的处理，很容易造成更严重的后果。那么，如何处理应对汽车行驶状态下瞬间爆胎，让自身安全得以最大限度地保证呢？ 发现汽车爆胎后，千万不要猛踩刹车，保持镇定，记住以下几点： 1、双手紧紧握住方向盘，尽量保持直线行驶，不要左右摇摆。 2、“点刹”。也就是反复地一下一下踩刹车。记住，不要过分用力踩刹车，更不能踩“死”刹车，不要拉手刹。按照以上方法可以最大限度地减少危险。 3、安全地带停车，在交通繁忙的高速路上，路边停车十分危险。应尽量将汽车驶离干线道路，停在岔道。停车时将三角停车板放在车辆后面的道路上，然后尽快更换备胎。



Freq = 4	{'车', '路面', '相撞', '爆胎'}
Tfidf = 4	{'车', ' 爆胎', ' 路面', ' 相撞'}
TextRank = 4	{'车', '路面', '相撞', '爆胎'}
Union	['车', '爆胎', '路面', '相撞']


One Keyword Candidate	['爆胎', '路面', '相撞']
One Keyword Recommand


Two Keywords Candidate	['爆胎', '路面', '相撞']
Two Keywords Recommand
Keyword = 爆胎 路面
路面有坑导致爆胎钢圈断裂谁负责_百度知道
路面破损大坑导致轿车2个轮胎爆胎 - 法律快车法律咨询
在高速公路行驶时,轮子跑掉轻微划伤高速路面,之後,跟当地路政回他...
高速上大货车突然爆胎 20多吨铁皮撒向路面_大浙网_腾讯网
由于路面损坏,汽车压过有坑路面造成爆胎,是否可以向路政..._找法网
路面坑洼,车过爆胎!别慌,几招教你得到赔付
河南许昌:一货车爆胎瓜散路面 高速交警及时救助_谢金文
路面出现异物 多车爆胎_好看视频
武汉三环线一匝道路面出现坑洼 一夜间致20余辆车爆胎
“魔鬼路面”露锋利铁条 半小时内20辆车爆胎(图)_厦门新闻_厦门网
Sum = 10
Cnt = 9
Ratio = 0.9



Three Keywords Candidate	[]
Three Keywords Recommand


Discard Keywords	[]


Final Recommandation	[['爆胎', '路面']]


路面现大量三角钉致多车接连爆胎 exists in ES, ignore it
-------------------------------------------------------------------

<<专题名称>>
海南自由贸易港建设总体方案

<<新闻列表>>
Title: 海南发布会详解：与香港互补大于竞争 不能成为房地产加工厂
Content: 

Title: 国新办举行《海南自由贸易港建设总体方案》新闻发布会,正在直播→
Content: 今天上午10时，国务院新闻办公室在北京举行《海南自由贸易港建设总体方案》新闻发布会。国家发展改革委副主任林念修，财政部副部长邹加怡，商务部副部长兼国际贸易谈判副代表王受文，中国人民银行副行长、国家外汇管理局局长潘功胜，海关总署副署长李国和中共海南省委书记、海南省人大常委会主任刘赐贵，中共海南省委副书记、海南省人民政府省长沈晓明介绍《海南自由贸易港建设总体方案》有关情况并答记者问。cctv-13直播国家发改委林念修副主任、海南省委刘赐贵书记开场白部分，cctv-4全程直播。国新网、中国网、人民网、新华网，海南日报两微一端以及海南广播电视总台旗下海南卫视、海南新闻频道、海南网络广播电视台，视听海南客户端、南海网全程直播。这次发布会在海南省新闻发布厅设分会场，组织驻琼新闻媒体、海南省内媒体参加视频会议，进行新闻报道。值班主任：张杰值班总监：李国栋责任编辑：周钰

Title: 省市专家支招徐闻抢抓海南自由贸易港建设新机遇
Content: 

Title: 《海南自由贸易港建设总体方案》为海南旅游等产业迎来重大利好!
Content: “创行合一·美乡营成长计划” 调查问卷邀请有眼光的您参与回答完毕后，您可以获得以下福利：1、随机抽取十名，我院汤俊院长一对一免费项目指导。2、免费赠送由我院汤俊院长亲笔签名，价值198元的《特色休闲农业经典规划案例》和《田园综合体》（精装版）一本（邮费自理）关注公号：创行合一休闲农业创意中心 并点击菜单栏目“调查问卷”2020年6月1号，中央印发了《海南自由贸易港建设总体方案》，海南是我国最大的经济特区，具有实施全面深化改革和试验最高水平开放政策的独特优势。在海南建设自由贸易港，对于推进海南高水平平建设、经济全球化的发展具有积极意义。发展目标到2025年，初步建立以贸易自由便利和投资自由便利为重点的自由贸易港政策制度体系。营商环境总体达到国内一流水平，市场主体大幅增长，产业竞争力显著提升，风险防控有力有效，适应自由贸易港建设的法律法规逐步完善，经济发展质量和效益明显改善。到2035年，自由贸易港制度体系和运作模式更加成熟，以自由、公平、法治、高水平过程监管为特征的贸易投资规则基本构建，实现贸易自由便利、投资自由便利、跨境资金流动自由便利、人员进出自由便利、运输来往自由便利和数据安全有序流动。营商环境更加优化，法律法规体系更加健全，风险防控体系更加严密，现代社会治理格局基本形成，成为我国开放型经济新高地。到本世纪中叶，全面建成具有较强国际影响力的高水平自由贸易港。制度便利①贸易自由便利。在实现有效监管的前提下，建设全岛封关运作的海关监管特殊区域。对货物贸易，实行以“零关税”为基本特征的自由化便利化制度安排。对服务贸易，实行以“既准入又准营”为基本特征的自由化便利化政策举措。②投资自由便利。大幅放宽海南自由贸易港市场准入，强化产权保护，保障公平竞争，打造公开、透明、可预期的投资环境，进一步激发各类市场主体活力。③跨境资金流动自由便利。坚持金融服务实体经济，重点围绕贸易投资自由化便利化，分阶段开放资本项目，有序推进海南自由贸易港与境外资金自由便利流动。④人员进出自由便利。根据海南自由贸易港发展需要，针对高端产业人才，实行更加开放的人才和停居留政策，打造人才集聚高地。在有效防控涉外安全风险隐患的前提下，实行更加便利的出入境管理政策。⑤运输来往自由便利。实施高度自由便利开放的运输政策，推动建设西部陆海新通道国际航运枢纽和航空枢纽，加快构建现代综合交通运输体系。⑥数据安全有序流动。在确保数据流动安全可控的前提下，扩大数据领域开放，创新安全制度设计，实现数据充分汇聚，培育发展数字经济。现代产业体系大力发展旅游业、现代服务业和高新技术产业，不断夯实实体经济基础，增强产业竞争力。在旅游业方面，围绕国际旅游消费中心建设，推动旅游与文化体育、健康医疗、养老养生等深度融合，提升博鳌乐城国际医疗旅游先行区发展水平，支持建设文化旅游产业园，发展特色旅游产业集群，培育旅游新业态新模式，创建全域旅游示范省。加快三亚向国际邮轮母港发展，支持建设邮轮旅游试验区，吸引国际邮轮注册，设立游艇产业改革发展创新试验区。在现代服务业方面，集聚全球创新要素，吸引跨国公司设立区域总部。打造国际航运枢纽，构建具有国际竞争力的海洋服务体系。在高新技术产业方面，以物联网、人工智能、区块链、数字贸易等为重点发展信息产业。培育深海深空产业。壮大先进制造业，建设全球热带农业中心和全球动植物种质资源引进中转基地。2025年前海南自由贸易港可享受的红利放宽离岛免税购物额度至每年每人10万元，扩大免税商品种类允许外国人以商贸、访问、探亲、就医、会展、体育竞技等事由申请免签入境海南举办中国国际消费品博览会，国家级展会境外展品在展期内进口和销售免税政策允许境外理工农医类高水平大学、职业院校在海南自由贸易港独立办学在海南自由贸易港设立的旅游业、现代服务业、高新技术产业企业，其2025年前新增境外直接投资取得的所得，免征企业所得税对在海南自由贸易港工作的高端人才和紧缺人才，其个人所得税实际税负超过15%的部分，予以免征。免责声明：以上内容由创行合一整理编辑，转载请注明出处！部分图文来源于互联网及公众平台，内容仅供各位学习参考，版权归原作者所有，如有侵犯版本请告知，我们将及时删除！

Title: 浅析「海南自由贸易港建设总体方案」中的区块链政策
Content: 

Title: 《海南自由贸易港建设总体方案》中国的尤里卡黄金时代起步
Content: 最近中央、国务院印发《海南自由贸易港建设总体方案》发布加快海南自由贸易港建设报告。引起了一轮经济讨论热点，对时事有关注的朋友，相信在在 2020 年政府工作报告第七条第三段第五节里面就会注意到这么一段话。原文如下：在《海南自由贸易港建设总体方案》内，方案明确了11个方面的内容，分别涉及贸易自由便利、投资自由便利、跨境资金流动自由便利、人员进出自由便利、运输来往自由便利、数据安全有序流动、现代产业体系、税收制度、社会治理、法治制度、风险防控体系等体制内容。方案提出，按照零关税、低税率、简税制、强法治、分阶段的原则，逐步建立立与高水平自由贸易港相适应的税收制度。但里面的所有内容其实都是为了第七条的最后一段，坚定维护多边贸易体制，积极参与世贸组织改革。海南的地理优势，基本上是东盟十国的区域范围，这也是之前一带一路贸易覆盖到个别区域之一。是进行补全一种方式。再加上目前广东地区人口已近 2 亿人口，工业与贸易基本完成，目前需要扮演的角色，如同早期的香港与海外机构进入国内投资一般，进行产业的输出，我们接下来看广东省在 5 月 13 号第一次发布报告的时候，做了什么样的决策。海安新港与海安港，粤海北铁港，南山港等四大广东港口将起到更大的运输作用，大家需要知道的是海南自由贸易港是零关税，低税率的。我国改革开放四十年，以往还没有一个地区宣称零关税，并通报全国，海外地区的。就算是上海贸易港，深圳前海自由贸易港也没有这方面的政策倾斜。两会结束后，不到 10 天的时间内，新的海南自由贸易港搭建报告已经完成规划，也就是说这一次不同以往，美国的失误与全球疫情的爆发，是一个弯道超车的绝好时机。计划拟定在2025年前包括18项重点任务，包括加强海关特殊监管区域建设，实行部分进口商品零关税政策，减少跨境服务贸易限制，实行“极简审批”投资制度，试点改革跨境证券投融资政策，加快金融业对内对外开放，增强金融服务实体经济能力，实施更加便利的免签入境措施，实施更加开放的船舶运输政策，实施更加开放的航空运输政策，便利数据流动，深化产业对外开放，优化税收政策安排，加大中央财政支持力度，给予充分法律授权，强化用地用海保障，做好封关运作准备工作，适时启动全岛封关运作。大家可能在想，自由贸易港的建设速度那是短短的四年就能搭建完成的，但需要知道什么是中国速度，这里面还不计算上2020政府工作报告中的西部大开发、东北全面振兴、中部地区崛起、东部率先发展等策略。其中需要在2035年前包括7项重点任务，包括实现贸易自由便利，实现投资自由便利，实现跨境资金流动自由便利，实现人员进出自由便利，实现运输来往自由便利，实现数据安全有序流动，进一步推进财税制度改革。我们再看2020政府报告第四条放宽银行贷款，放宽企业开办，培育新型产业集群，新型产业集群目前国际上最成功的企业是新加坡，海南的模仿样本就是新加坡，我们需要注意到后面一条，宽容失败的科研环境。再看深化国际科技合作，这里的国际科技合作，在欧美那边看来基本上是不大可能实现的，有兴趣的朋友，科研看之前我写的一篇文章，里面有讲述到欧美目前对华的姿态与后续政党的表态，所以目前来说这个国际合作，基本就是东盟十国，日韩等国。海南自由贸易港的建设是打造双创示范基地，那么我们需要考虑的是，如果这个示范基地成功了，后面国内还有那个地区适合建造类似基地，经济或产业创新集中群。目前是属于中国的尤里卡，黄金时代。

Title: 国新办举行发布会介绍《海南自由贸易港建设总体方案》主要内容
Content: 

Title: 中共中央国务院印发《海南自由贸易港建设总体方案》
Content: 中共中央、国务院印发了《海南自由贸易港建设总体方案》，并发出通知，要求各地区各部门结合实际认真贯彻落实。《海南自由贸易港建设总体方案》主要内容如下。海南是我国最大的经济特区，具有实施全面深化改革和最高水平开放政策的独特优势。支持海南逐步探索、稳步推进中国特色自由贸易港建设，分步骤、分阶段建立自由贸易港政策和制度体系，是习近平总书记亲自谋划、亲自部署、亲自推动的改革开放重大举措，是党中央着眼国内国际两个大局，深入研究、统筹考虑、科学谋划作出的战略决策。当今世界正在经历新一轮大发展大变革大调整，保护主义、单边主义抬头，经济全球化遭遇更大的逆风和回头浪。在海南建设自由贸易港，是推进高水平开放，建立开放型经济新体制的根本要求；是深化市场化改革，打造法治化、国际化、便利化营商环境的迫切需要；是贯彻新发展理念，推动高质量发展，建设现代化经济体系的战略选择；是支持经济全球化，构建人类命运共同体的实际行动。为深入贯彻习近平总书记在庆祝海南建省办经济特区30周年大会上的重要讲话精神，落实《中共中央、国务院关于支持海南全面深化改革开放的指导意见》要求，加快建设高水平的中国特色自由贸易港，制定本方案。一、总体要求（一）指导思想。以习近平新时代中国特色社会主义思想为指导，全面贯彻党的十九大和十九届二中、三中、四中全会精神，坚持党的全面领导，坚持稳中求进工作总基调，坚持新发展理念，坚持高质量发展，统筹推进“五位一体”总体布局，协调推进“四个全面”战略布局，对标国际高水平经贸规则，解放思想、大胆创新，聚焦贸易投资自由化便利化，建立与高水平自由贸易港相适应的政策制度体系，建设具有国际竞争力和影响力的海关监管特殊区域，将海南自由贸易港打造成为引领我国新时代对外开放的鲜明旗帜和重要开放门户。（二）基本原则——借鉴国际经验。坚持高起点谋划、高标准建设，主动适应国际经贸规则重构新趋势，充分学习借鉴国际自由贸易港的先进经营方式、管理方法和制度安排，形成具有国际竞争力的开放政策和制度，加快建立开放型经济新体制，增强区域辐射带动作用，打造我国深度融入全球经济体系的前沿地带。——体现中国特色。坚持党的集中统一领导，坚持中国特色社会主义道路，坚持以人民为中心，践行社会主义核心价值观，确保海南自由贸易港建设正确方向。充分发挥全国上下一盘棋和集中力量办大事的制度优势，调动各方面积极性和创造性，集聚全球优质生产要素，着力在推动制度创新、培育增长动能、构建全面开放新格局等方面取得新突破，为实现国家战略目标提供坚实支撑。加强与东南亚国家交流合作，促进与粤港澳大湾区联动发展。——符合海南定位。紧紧围绕国家赋予海南建设全面深化改革开放试验区、国家生态文明试验区、国际旅游消费中心和国家重大战略服务保障区的战略定位，充分发挥海南自然资源丰富、地理区位独特以及背靠超大规模国内市场和腹地经济等优势，抢抓全球新一轮科技革命和产业变革重要机遇，聚焦发展旅游业、现代服务业和高新技术产业，加快培育具有海南特色的合作竞争新优势。——突出改革创新。强化改革创新意识，赋予海南更大改革自主权，支持海南全方位大力度推进改革创新，积极探索建立适应自由贸易港建设的更加灵活高效的法律法规、监管模式和管理体制，下大力气破除阻碍生产要素流动的体制机制障碍。深入推进商品和要素开放，加快推动规则等制度型开放，以高水平开放带动改革全面深化。加强改革系统集成，注重协调推进，使各方面创新举措相互配合、相得益彰，提高改革创新的整体效益。——坚持底线思维。坚持稳扎稳打、步步为营，统筹安排好开放节奏和进度，成熟一项推出一项，不急于求成、急功近利。深入推进简政放权、放管结合、优化服务，全面推行准入便利、依法过程监管的制度体系，建立与国际接轨的监管标准和规范制度。加强重大风险识别和系统性风险防范，建立健全风险防控配套措施。完善重大疫情防控体制机制，健全公共卫生应急管理体系。开展常态化评估工作，及时纠偏纠错，确保海南自由贸易港建设方向正确、健康发展。（三）发展目标到2025年，初步建立以贸易自由便利和投资自由便利为重点的自由贸易港政策制度体系。营商环境总体达到国内一流水平，市场主体大幅增长，产业竞争力显著提升，风险防控有力有效，适应自由贸易港建设的法律法规逐步完善，经济发展质量和效益明显改善。到2035年，自由贸易港制度体系和运作模式更加成熟，以自由、公平、法治、高水平过程监管为特征的贸易投资规则基本构建，实现贸易自由便利、投资自由便利、跨境资金流动自由便利、人员进出自由便利、运输来往自由便利和数据安全有序流动。营商环境更加优化，法律法规体系更加健全，风险防控体系更加严密，现代社会治理格局基本形成，成为我国开放型经济新高地。到本世纪中叶，全面建成具有较强国际影响力的高水平自由贸易港。（四）实施范围。海南自由贸易港的实施范围为海南岛全岛。二、制度设计以贸易投资自由化便利化为重点，以各类生产要素跨境自由有序安全便捷流动和现代产业体系为支撑，以特殊的税收制度安排、高效的社会治理体系和完备的法治体系为保障，在明确分工和机制措施、守住不发生系统性风险底线的前提下，构建海南自由贸易港政策制度体系。（一）贸易自由便利。在实现有效监管的前提下，建设全岛封关运作的海关监管特殊区域。对货物贸易，实行以“零关税”为基本特征的自由化便利化制度安排。对服务贸易，实行以“既准入又准营”为基本特征的自由化便利化政策举措。1.“一线”放开。在海南自由贸易港与中华人民共和国关境外其他国家和地区之间设立“一线”。“一线”进（出）境环节强化安全准入（出）监管，加强口岸公共卫生安全、国门生物安全、食品安全、产品质量安全管控。在确保履行我国缔结或参加的国际条约所规定义务的前提下，制定海南自由贸易港禁止、限制进出口的货物、物品清单，清单外货物、物品自由进出，海关依法进行监管。制定海南自由贸易港进口征税商品目录，目录外货物进入自由贸易港免征进口关税。以联运提单付运的转运货物不征税、不检验。从海南自由贸易港离境的货物、物品按出口管理。实行便捷高效的海关监管，建设高标准国际贸易“单一窗口”。2.“二线”管住。在海南自由贸易港与中华人民共和国关境内的其他地区（以下简称内地）之间设立“二线”。货物从海南自由贸易港进入内地，原则上按进口规定办理相关手续，照章征收关税和进口环节税。对鼓励类产业企业生产的不含进口料件或者含进口料件在海南自由贸易港加工增值超过30%（含）的货物，经“二线”进入内地免征进口关税，照章征收进口环节增值税、消费税。行邮物品由海南自由贸易港进入内地，按规定进行监管，照章征税。对海南自由贸易港前往内地的运输工具，简化进口管理。货物、物品及运输工具由内地进入海南自由贸易港，按国内流通规定管理。内地货物经海南自由贸易港中转再运往内地无需办理报关手续，应在自由贸易港内海关监管作业场所（场地）装卸，与其他海关监管货物分开存放，并设立明显标识。场所经营企业应根据海关监管需要，向海关传输货物进出场所等信息。3.岛内自由。海关对海南自由贸易港内企业及机构实施低干预、高效能的精准监管，实现自由贸易港内企业自由生产经营。由境外启运，经海南自由贸易港换装、分拣集拼，再运往其他国家或地区的中转货物，简化办理海关手续。货物在海南自由贸易港内不设存储期限，可自由选择存放地点。实施“零关税”的货物，海关免于实施常规监管。4.推进服务贸易自由便利。实施跨境服务贸易负面清单制度，破除跨境交付、境外消费、自然人移动等服务贸易模式下存在的各种壁垒，给予境外服务提供者国民待遇。实施与跨境服务贸易配套的资金支付与转移制度。在告知、资格要求、技术标准、透明度、监管一致性等方面，进一步规范影响服务贸易自由便利的国内规制。（二）投资自由便利。大幅放宽海南自由贸易港市场准入，强化产权保护，保障公平竞争，打造公开、透明、可预期的投资环境，进一步激发各类市场主体活力。5.实施市场准入承诺即入制。严格落实“非禁即入”，在“管得住”的前提下，对具有强制性标准的领域，原则上取消许可和审批，建立健全备案制度，市场主体承诺符合相关要求并提交相关材料进行备案，即可开展投资经营活动。备案受理机构从收到备案时起，即开始承担审查责任。对外商投资实施准入前国民待遇加负面清单管理制度，大幅减少禁止和限制条款。6.创新完善投资自由制度。实行以过程监管为重点的投资便利制度。建立以电子证照为主的设立便利，以“有事必应”、“无事不扰”为主的经营便利，以公告承诺和优化程序为主的注销便利，以尽职履责为主的破产便利等政策制度。7.建立健全公平竞争制度。强化竞争政策的基础性地位，确保各类所有制市场主体在要素获取、标准制定、准入许可、经营运营、优惠政策等方面享受平等待遇。政府采购对内外资企业一视同仁。加强和优化反垄断执法，打破行政性垄断，防止市场垄断，维护公平竞争市场秩序。8.完善产权保护制度。依法保护私人和法人财产的取得、使用、处置和继承的权利，以及依法征收私人和法人财产时被征收财产所有人得到补偿的权利。落实公司法等法律法规，加强对中小投资者的保护。加大知识产权侵权惩罚力度，建立健全知识产权领域市场主体信用分类监管、失信惩戒等机制。加强区块链技术在知识产权交易、存证等方面应用，探索适合自由贸易港发展的新模式。（三）跨境资金流动自由便利。坚持金融服务实体经济，重点围绕贸易投资自由化便利化，分阶段开放资本项目，有序推进海南自由贸易港与境外资金自由便利流动。9.构建多功能自由贸易账户体系。以国内现有本外币账户和自由贸易账户为基础，构建海南金融对外开放基础平台。通过金融账户隔离，建立资金“电子围网”，为海南自由贸易港与境外实现跨境资金自由便利流动提供基础条件。10.便利跨境贸易投资资金流动。进一步推动跨境货物贸易、服务贸易和新型国际贸易结算便利化，实现银行真实性审核从事前审查转为事后核查。在跨境直接投资交易环节，按照准入前国民待遇加负面清单模式简化管理，提高兑换环节登记和兑换的便利性，探索适应市场需求新形态的跨境投资管理。在跨境融资领域，探索建立新的外债管理体制，试点合并交易环节外债管理框架，完善企业发行外债备案登记制管理，全面实施全口径跨境融资宏观审慎管理，稳步扩大跨境资产转让范围，提升外债资金汇兑便利化水平。在跨境证券投融资领域，重点服务实体经济投融资需求，扶持海南具有特色和比较优势的产业发展，并在境外上市、发债等方面给予优先支持，简化汇兑管理。11.扩大金融业对内对外开放。率先在海南自由贸易港落实金融业扩大开放政策。支持建设国际能源、航运、产权、股权等交易场所。加快发展结算中心。12.加快金融改革创新。支持住房租赁金融业务创新和规范发展，支持发展房地产投资信托基金（REITs）。稳步拓宽多种形式的产业融资渠道，放宽外资企业资本金使用范围。创新科技金融政策、产品和工具。（四）人员进出自由便利。根据海南自由贸易港发展需要，针对高端产业人才，实行更加开放的人才和停居留政策，打造人才集聚高地。在有效防控涉外安全风险隐患的前提下，实行更加便利的出入境管理政策。13.对外籍高层次人才投资创业、讲学交流、经贸活动方面提供出入境便利。完善国际人才评价机制，以薪酬水平为主要指标评估人力资源类别，建立市场导向的人才机制。对外籍人员赴海南自由贸易港的工作许可实行负面清单管理，放宽外籍专业技术技能人员停居留政策。允许符合条件的境外人员担任海南自由贸易港内法定机构、事业单位、国有企业的法定代表人。实行宽松的商务人员临时出入境政策。14.建立健全人才服务管理制度。实现工作许可、签证与居留信息共享和联审联检。推进建立人才服务中心，提供工作就业、教育生活服务，保障其合法权益。15.实施更加便利的出入境管理政策。逐步实施更大范围适用免签入境政策，逐步延长免签停留时间。优化出入境边防检查管理，为商务人员、邮轮游艇提供出入境通关便利。（五）运输来往自由便利。实施高度自由便利开放的运输政策，推动建设西部陆海新通道国际航运枢纽和航空枢纽，加快构建现代综合交通运输体系。16.建立更加自由开放的航运制度。建设“中国洋浦港”船籍港。支持海南自由贸易港开展船舶登记。研究建立海南自由贸易港航运经营管理体制及海员管理制度。进一步放宽空域管制与航路航权限制，优化航运路线，鼓励增加运力投放，增开航线航班。17.提升运输便利化和服务保障水平。推进船舶联合登临检查。构建高效、便捷、优质的船旗国特殊监管政策。为船舶和飞机融资提供更加优质高效的金融服务，取消船舶和飞机境外融资限制，探索以保险方式取代保证金。加强内地与海南自由贸易港间运输、通关便利化相关设施设备建设，合理配备人员，提升运输来往自由便利水平。（六）数据安全有序流动。在确保数据流动安全可控的前提下，扩大数据领域开放，创新安全制度设计，实现数据充分汇聚，培育发展数字经济。18.有序扩大通信资源和业务开放。开放增值电信业务，逐步取消外资股比等限制。允许实体注册、服务设施在海南自由贸易港内的企业，面向自由贸易港全域及国际开展在线数据处理与交易处理等业务，并在安全可控的前提下逐步面向全国开展业务。安全有序开放基础电信业务。开展国际互联网数据交互试点，建设国际海底光缆及登陆点，设立国际通信出入口局。（七）现代产业体系。大力发展旅游业、现代服务业和高新技术产业，不断夯实实体经济基础，增强产业竞争力。19.旅游业。坚持生态优先、绿色发展，围绕国际旅游消费中心建设，推动旅游与文化体育、健康医疗、养老养生等深度融合，提升博鳌乐城国际医疗旅游先行区发展水平，支持建设文化旅游产业园，发展特色旅游产业集群，培育旅游新业态新模式，创建全域旅游示范省。加快三亚向国际邮轮母港发展，支持建设邮轮旅游试验区，吸引国际邮轮注册。设立游艇产业改革发展创新试验区。支持创建国家级旅游度假区和5A级景区。20.现代服务业。集聚全球创新要素，深化对内对外开放，吸引跨国公司设立区域总部。创新港口管理体制机制，推动港口资源整合，拓展航运服务产业链，推动保税仓储、国际物流配送、转口贸易、大宗商品贸易、进口商品展销、流通加工、集装箱拆拼箱等业务发展，提高全球供应链服务管理能力，打造国际航运枢纽，推动港口、产业、城市融合发展。建设海南国际设计岛、理工农医类国际教育创新岛、区域性国际会展中心，扩大专业服务业对外开放。完善海洋服务基础设施，积极发展海洋物流、海洋旅游、海洋信息服务、海洋工程咨询、涉海金融、涉海商务等，构建具有国际竞争力的海洋服务体系。建设国家对外文化贸易基地。21.高新技术产业。聚焦平台载体，提升产业能级，以物联网、人工智能、区块链、数字贸易等为重点发展信息产业。依托文昌国际航天城、三亚深海科技城，布局建设重大科技基础设施和平台，培育深海深空产业。围绕生态环保、生物医药、新能源汽车、智能汽车等壮大先进制造业。发挥国家南繁科研育种基地优势，建设全球热带农业中心和全球动植物种质资源引进中转基地。建设智慧海南。（八）税收制度。按照零关税、低税率、简税制、强法治、分阶段的原则，逐步建立与高水平自由贸易港相适应的税收制度。22.零关税。全岛封关运作前，对部分进口商品，免征进口关税、进口环节增值税和消费税。全岛封关运作、简并税制后，对进口征税商品目录以外、允许海南自由贸易港进口的商品，免征进口关税。23.低税率。对在海南自由贸易港实质经营的企业，实行企业所得税优惠税率。对符合条件的个人，实行个人所得税优惠税率。24.简税制。结合我国税制改革方向，探索推进简化税制。改革税种制度，降低间接税比例，实现税种结构简单科学、税制要素充分优化、税负水平明显降低、收入归属清晰、财政收支大体均衡。25.强法治。税收管理部门按实质经济活动所在地和价值创造地原则对纳税行为进行评估和预警，制定简明易行的实质经营地、所在地居住判定标准，强化对偷漏税风险的识别，防范税基侵蚀和利润转移，避免成为“避税天堂”。积极参与国际税收征管合作，加强涉税情报信息共享。加强税务领域信用分类服务和管理，依法依规对违法失信企业和个人采取相应措施。26.分阶段。按照海南自由贸易港建设的不同阶段，分步骤实施零关税、低税率、简税制的安排，最终形成具有国际竞争力的税收制度。（九）社会治理。着力推进政府机构改革和政府职能转变，鼓励区块链等技术集成应用于治理体系和治理能力现代化，构建系统完备、科学规范、运行有效的自由贸易港治理体系。27.深化政府机构改革。进一步推动海南大部门制改革，整合分散在各部门相近或相似的功能职责，推动职能相近部门合并。控制行政综合类公务员比例，行政人员编制向监管部门倾斜，推行市场化的专业人员聘任制。28.推动政府职能转变。强化监管立法和执法，加强社会信用体系应用，深化“双随机、一公开”的市场监管体制，坚持对新兴业态实行包容审慎监管。充分发挥“互联网+”、大数据、区块链等现代信息技术作用，通过政务服务等平台建设规范政府服务标准、实现政务流程再造和政务服务“一网通办”，加强数据有序共享，提升政府服务和治理水平。政府作出的承诺须认真履行，对于不能履行承诺或执行不到位而造成损失的，应及时予以赔偿或补偿。29.打造共建共治共享的社会治理格局。深化户籍制度改革，进一步放宽户口迁移政策，实行以公民身份号码为唯一标识、全岛统一的居住证制度。赋予行业组织更大自主权，发挥其在市场秩序维护、标准制定实施、行业纠纷调处中的重要作用。赋予社区更大的基层治理权限，加快社区服务与治理创新。30.创新生态文明体制机制。深入推进国家生态文明试验区（海南）建设，全面建立资源高效利用制度，健全自然资源产权制度和有偿使用制度。扎实推进国土空间规划体系建设，实行差别化的自然生态空间用途管制。健全自然保护地内自然资源资产特许经营权等制度，探索生态产品价值实现机制。建立热带雨林等国家公园，构建以国家公园为主体的自然保护地体系。探索建立政府主导、企业和社会参与、市场化运作、可持续的生态保护补偿机制。加快构建自然资源统一调查评价监测和确权登记制度。健全生态环境监测和评价制度。（十）法治制度。建立以海南自由贸易港法为基础，以地方性法规和商事纠纷解决机制为重要组成的自由贸易港法治体系，营造国际一流的自由贸易港法治环境。31.制定实施海南自由贸易港法。以法律形式明确自由贸易港各项制度安排，为自由贸易港建设提供原则性、基础性的法治保障。32.制定经济特区法规。在遵循宪法规定和法律、行政法规基本原则前提下，支持海南充分行使经济特区立法权，立足自由贸易港建设实际，制定经济特区法规。33.建立多元化商事纠纷解决机制。完善国际商事纠纷案件集中审判机制，提供国际商事仲裁、国际商事调解等多种非诉讼纠纷解决方式。（十一）风险防控体系。制定实施有效措施，有针对性防范化解贸易、投资、金融、数据流动、生态和公共卫生等领域重大风险。34.贸易风险防控。高标准建设开放口岸和“二线口岸”基础设施、监管设施，加大信息化系统建设和科技装备投入力度，实施智能精准监管，依托全岛“人流、物流、资金流”信息管理系统、社会管理监管系统、口岸监管系统“三道防线”，形成海南社会管理信息化平台，对非设关地实施全天候动态监控。加强特定区域监管，在未设立口岸查验机构的区域设立综合执法点，对载运工具、上下货物、物品实时监控和处理。海南自由贸易港与内地之间进出的货物、物品、人员、运输工具等均需从口岸进出。完善口岸监管设备设施的配置。海关负责口岸及其他海关监管区的监管和查缉走私工作。海南省政府负责全省反走私综合治理工作，对下级政府反走私综合治理工作进行考评。建立与广东省、广西壮族自治区等地的反走私联防联控机制。35.投资风险防控。完善与投资规则相适应的过程监管制度，严格落实备案受理机构的审查责任和备案主体的备案责任。明确加强过程监管的规则和标准，压实监管责任，依法对投资经营活动的全生命周期实施有效监管，对新技术、新产业、新业态、新模式实行包容审慎监管，对高风险行业和领域实行重点监管。建立健全法律责任制度，针对备案主体提供虚假备案信息、违法经营等行为，制定严厉的惩戒措施。实施好外商投资安全审查，在创造稳定、透明和可预期的投资环境同时，有效防范国家安全风险。36.金融风险防控。优化金融基础设施和金融法治环境，加强金融消费者权益保护，依托资金流信息监测管理系统，建立健全资金流动监测和风险防控体系。建立自由贸易港跨境资本流动宏观审慎管理体系，加强对重大风险的识别和系统性金融风险的防范。加强反洗钱、反恐怖融资和反逃税审查，研究建立洗钱风险评估机制，定期评估洗钱和恐怖融资风险。构建适应海南自由贸易港建设的金融监管协调机制。37.网络安全和数据安全风险防控。深入贯彻实施网络安全等级保护制度，重点保障关键信息基础设施和数据安全，健全网络安全保障体系，提升海南自由贸易港建设相关的网络安全保障能力和水平。建立健全数据出境安全管理制度体系。健全数据流动风险管控措施。38.公共卫生风险防控。加强公共卫生防控救治体系建设，建立传染病和突发公共卫生事件监测预警、应急响应平台和决策指挥系统，提高早期预防、风险研判和及时处置能力。加强疾病预防控制体系建设，高标准建设省级疾病预防控制中心，建立国家热带病研究中心海南分中心，加快推进各级疾病预防控制机构基础设施建设，优化实验室检验检测资源配置。加强公共卫生人才队伍建设，提升监测预警、检验检测、现场流行病学调查、应急处置和医疗救治能力。建设生物安全防护三级实验室和传染病防治研究所，强化全面检测、快速筛查能力，优化重要卫生应急物资储备和产能保障体系。健全优化重大疫情救治体系，建设传染病医疗服务网络，依托综合医院或专科医院建立省级和市级传染病医疗中心，改善传染病医疗中心和传染病医院基础设施和医疗条件。重点加强基层传染病医疗服务能力建设，提升县级综合医院传染病诊疗能力。构建网格化紧密型医疗集团，促进资源下沉、医防融合。完善基层医疗卫生机构标准化建设，强化常见病多发病诊治、公共卫生服务和健康管理能力。加强国际卫生检疫合作和国际疫情信息搜集与分析，提升口岸卫生检疫技术设施保障，建设一流的国际旅行卫生保健中心，严格落实出入境人员健康申报制度，加强对来自重点国家或地区的交通工具、人员和货物、物品的卫生检疫，强化联防联控，筑牢口岸检疫防线。加强对全球传染病疫情的监测，推进境外传染病疫情风险早期预警，严防重大传染病跨境传播。建立海关等多部门协作的境外疫病疫情和有害生物联防联控机制。提升进出口商品质量安全风险预警和快速反应监管能力，完善重点敏感进出口商品监管。39.生态风险防控。实行严格的进出境环境安全准入管理制度，禁止洋垃圾输入。推进医疗废物等危险废物处置设施建设，提升突发生态环境事件应急准备与响应能力。建立健全环保信用评价制度。三、分步骤分阶段安排（一）2025年前重点任务。围绕贸易投资自由化便利化，在有效监管基础上，有序推进开放进程，推动各类要素便捷高效流动，形成早期收获，适时启动全岛封关运作。1.加强海关特殊监管区域建设。在洋浦保税港区等具备条件的海关特殊监管区域率先实行“一线”放开、“二线”管住的进出口管理制度。根据海南自由贸易港建设需要，增设海关特殊监管区域。2.实行部分进口商品零关税政策。除法律法规和相关规定明确不予免税、国家规定禁止进口的商品外，对企业进口自用的生产设备，实行“零关税”负面清单管理；对岛内进口用于交通运输、旅游业的船舶、航空器等营运用交通工具及游艇，实行“零关税”正面清单管理；对岛内进口用于生产自用或以“两头在外”模式进行生产加工活动（或服务贸易过程中）所消耗的原辅料，实行“零关税”正面清单管理；对岛内居民消费的进境商品，实行正面清单管理，允许岛内免税购买。对实行“零关税”清单管理的货物及物品，免征进口关税、进口环节增值税和消费税。清单内容由有关部门根据海南实际需要和监管条件进行动态调整。放宽离岛免税购物额度至每年每人10万元，扩大免税商品种类。3.减少跨境服务贸易限制。在重点领域率先规范影响服务贸易自由便利的国内规制。制定出台海南自由贸易港跨境服务贸易负面清单，给予境外服务提供者国民待遇。建设海南国际知识产权交易所，在知识产权转让、运用和税收政策等方面开展制度创新，规范探索知识产权证券化。4.实行“极简审批”投资制度。制定出台海南自由贸易港放宽市场准入特别清单、外商投资准入负面清单。对先行开放的特定服务业领域所设立的外商投资企业，明确经营业务覆盖的地域范围。建立健全国家安全审查、产业准入环境标准和社会信用体系等制度，全面推行“极简审批”制度。深化“证照分离”改革。建立健全以信用监管为基础、与负面清单管理方式相适应的过程监管体系。5.试点改革跨境证券投融资政策。支持在海南自由贸易港内注册的境内企业根据境内外融资计划在境外发行股票，优先支持企业通过境外发行债券融资，将企业发行外债备案登记制管理下放至海南省发展改革部门。探索开展跨境资产管理业务试点，提高跨境证券投融资汇兑便利。试点海南自由贸易港内企业境外上市外汇登记直接到银行办理。6.加快金融业对内对外开放。培育、提升海南金融机构服务对外开放能力，支持金融业对外开放政策在海南自由贸易港率先实施。支持符合条件的境外证券基金期货经营机构在海南自由贸易港设立独资或合资金融机构。支持金融机构立足海南旅游业、现代服务业、高新技术产业等重点产业发展需要，创新金融产品，提升服务质效。依托海南自由贸易港建设，推动发展相关的场外衍生品业务。支持海南在优化升级现有交易场所的前提下，推进产权交易场所建设，研究允许非居民按照规定参与交易和进行资金结算。支持海南自由贸易港内已经设立的交易场所在会员、交易、税负、清算、交割、投资者权益保护、反洗钱等方面，建立与国际惯例接轨的规则和制度体系。在符合相关法律法规的前提下，支持在海南自由贸易港设立财产险、人身险、再保险公司以及相互保险组织和自保公司。7.增强金融服务实体经济能力。支持发行公司信用类债券、项目收益票据、住房租赁专项债券等。对有稳定现金流的优质旅游资产，推动开展证券化试点。支持金融机构在依法合规、有效防范风险的前提下，在服务贸易领域开展保单融资、仓单质押贷款、应收账款质押贷款、知识产权质押融资等业务。支持涉海高新技术企业利用股权、知识产权开展质押融资，规范、稳妥开发航运物流金融产品和供应链融资产品。依法有序推进人工智能、大数据、云计算等金融科技领域研究成果在海南自由贸易港率先落地。探索建立与国际商业保险付费体系相衔接的商业性医疗保险服务。支持保险业金融机构与境外机构合作开发跨境医疗保险产品。8.实施更加便利的免签入境措施。将外国人免签入境渠道由旅行社邀请接待扩展为外国人自行申报或通过单位邀请接待免签入境。放宽外国人申请免签入境事由限制，允许外国人以商贸、访问、探亲、就医、会展、体育竞技等事由申请免签入境海南。实施外国旅游团乘坐邮轮入境15天免签政策。9.实施更加开放的船舶运输政策。以“中国洋浦港”为船籍港，简化检验流程，逐步放开船舶法定检验，建立海南自由贸易港国际船舶登记中心，创新设立便捷、高效的船舶登记程序。取消船舶登记主体外资股比限制。在确保有效监管和风险可控的前提下，境内建造的船舶在“中国洋浦港”登记并从事国际运输的，视同出口并给予出口退税。对以洋浦港作为中转港从事内外贸同船运输的境内船舶，允许其加注本航次所需的保税油；对其加注本航次所需的本地生产燃料油，实行出口退税政策。对符合条件并经洋浦港中转离境的集装箱货物，试行启运港退税政策。加快推进琼州海峡港航一体化。10.实施更加开放的航空运输政策。在对等基础上，推动在双边航空运输协定中实现对双方承运人开放往返海南的第三、第四航权，并根据我国整体航空运输政策，扩大包括第五航权在内的海南自由贸易港建设所必需的航权安排。支持在海南试点开放第七航权。允许相关国家和地区航空公司承载经海南至第三国（地区）的客货业务。实施航空国际中转旅客及其行李通程联运。对位于海南的主基地航空公司开拓国际航线给予支持。允许海南进出岛航班加注保税航油。11.便利数据流动。在国家数据跨境传输安全管理制度框架下，开展数据跨境传输安全管理试点，探索形成既能便利数据流动又能保障安全的机制。12.深化产业对外开放。支持发展总部经济。举办中国国际消费品博览会，国家级展会境外展品在展期内进口和销售享受免税政策，免税政策由有关部门具体制定。支持海南大力引进国外优质医疗资源。总结区域医疗中心建设试点经验，研究支持海南建设区域医疗中心。允许境外理工农医类高水平大学、职业院校在海南自由贸易港独立办学，设立国际学校。推动国内重点高校引进国外知名院校在海南自由贸易港举办具有独立法人资格的中外合作办学机构。建设海南国家区块链技术和产业创新发展基地。13.优化税收政策安排。从本方案发布之日起，对注册在海南自由贸易港并实质性运营的鼓励类产业企业，减按15%征收企业所得税。对在海南自由贸易港设立的旅游业、现代服务业、高新技术产业企业，其2025年前新增境外直接投资取得的所得，免征企业所得税。对企业符合条件的资本性支出，允许在支出发生当期一次性税前扣除或加速折旧和摊销。对在海南自由贸易港工作的高端人才和紧缺人才，其个人所得税实际税负超过15%的部分，予以免征。对享受上述优惠政策的高端人才和紧缺人才实行清单管理，由海南省商财政部、税务总局制定具体管理办法。14.加大中央财政支持力度。中央财政安排综合财力补助，对地方财政减收予以适当弥补。鼓励海南在国务院批准的限额内发行地方政府债券支持自由贸易港项目建设。在有效防范风险的前提下，稳步增加海南地方政府专项债券发行额度，用于支持重大基础设施建设。鼓励在海南自由贸易港向全球符合条件的境外投资者发行地方政府债券。由海南统筹中央资金和自有财力，设立海南自由贸易港建设投资基金，按政府引导、市场化方式运作。15.给予充分法律授权。本方案提出的各项改革政策措施，凡涉及调整现行法律或行政法规的，经全国人大及其常委会或国务院统一授权后实施。研究简化调整现行法律或行政法规的工作程序，推动尽快落地。授权海南制定出台自由贸易港商事注销条例、破产条例、公平竞争条例、征收征用条例。加快推动制定出台海南自由贸易港法。16.强化用地用海保障。授权海南在不突破海南省国土空间规划明确的生态保护红线、永久基本农田面积、耕地和林地保有量、建设用地总规模等重要指标并确保质量不降低的前提下，按照国家规定的条件，对全省耕地、永久基本农田、林地、建设用地布局调整进行审批并纳入海南省和市县国土空间规划。积极推进城乡及垦区一体化协调发展和小城镇建设用地新模式，推进农垦土地资产化。建立集约节约用地制度、评价标准以及存量建设用地盘活处置政策体系。总结推广文昌农村土地制度改革三项试点经验，支持海南在全省深入推进农村土地制度改革。依法保障国家重大项目用海需求。17.做好封关运作准备工作。制定出台海南自由贸易港进口征税商品目录、限制进口货物物品清单、禁止进口货物物品清单、限制出口货物物品清单、禁止出口货物物品清单、运输工具管理办法，以及与内地海关通关单证格式规范、与内地海关通关操作规程、出口通关操作规程等，增加对外开放口岸，建设全岛封关运作的配套设施。18.适时启动全岛封关运作。2025年前，适时全面开展全岛封关运作准备工作情况评估，查堵安全漏洞。待条件成熟后再实施全岛封关运作，不再保留洋浦保税港区、海口综合保税区等海关特殊监管区域。相关监管实施方案由有关部门另行制定。在全岛封关运作的同时，依法将现行增值税、消费税、车辆购置税、城市维护建设税及教育费附加等税费进行简并，启动在货物和服务零售环节征收销售税相关工作。（二）2035年前重点任务。进一步优化完善开放政策和相关制度安排，全面实现贸易自由便利、投资自由便利、跨境资金流动自由便利、人员进出自由便利、运输来往自由便利和数据安全有序流动，推进建设高水平自由贸易港。1.实现贸易自由便利。进一步创新海关监管制度，建立与总体国家安全观相适应的非关税贸易措施体系，建立自由进出、安全便利的货物贸易管理制度，实现境外货物在海南自由贸易港进出自由便利。建立健全跨境支付业务相关制度，营造良好的支付服务市场环境，提升跨境支付服务效率，依法合规推动跨境服务贸易自由化便利化。2.实现投资自由便利。除涉及国家安全、社会稳定、生态保护红线、重大公共利益等国家实行准入管理的领域外，全面放开投资准入。在具有强制性标准的领域，建立“标准制+承诺制”的投资制度，市场主体对符合相关要求作出承诺，即可开展投资经营活动。3.实现跨境资金流动自由便利。允许符合一定条件的非金融企业，根据实际融资需要自主借用外债，最终实现海南自由贸易港非金融企业外债项下完全可兑换。4.实现人员进出自由便利。进一步放宽人员自由进出限制。实行更加宽松的商务人员临时出入境政策、便利的工作签证政策，进一步完善居留制度。5.实现运输来往自由便利。实行特殊的船舶登记审查制度。进一步放宽空域管制与航路航权限制。鼓励国内外航空公司增加运力投放，增开航线航班。根据双边航空运输协定，在审核外国航空公司国际航线经营许可时，优先签发至海南的国际航线航班许可。6.实现数据安全有序流动。创新数据出境安全的制度设计，探索更加便利的个人信息安全出境评估办法。开展个人信息入境制度性对接，探索加入区域性国际数据跨境流动制度安排，提升数据传输便利性。积极参与跨境数据流动国际规则制定，建立数据确权、数据交易、数据安全和区块链金融的标准和规则。7.进一步推进财税制度改革。对注册在海南自由贸易港并实质性运营的企业（负面清单行业除外），减按15%征收企业所得税。对一个纳税年度内在海南自由贸易港累计居住满183天的个人，其取得来源于海南自由贸易港范围内的综合所得和经营所得，按照3%、10%、15%三档超额累进税率征收个人所得税。扩大海南地方税收管理权限。企业所得税、个人所得税作为中央与地方共享收入，销售税及其他国内税种收入作为地方收入。授权海南根据自由贸易港发展需要，自主减征、免征、缓征除具有生态补偿性质外的政府性基金，自主设立涉企行政事业性收费项目。对中央级行政事业性收费，按照中央统一规定执行。中央财政支持政策结合税制变化情况相应调整，并加大支持力度。进一步研究改进补贴政策框架，为我国参与补贴领域国际规则制定提供参考。四、组织实施（一）加强党的全面领导。坚持用习近平新时代中国特色社会主义思想武装党员干部头脑，认真贯彻落实党中央、国务院决策部署，增强“四个意识”，坚定“四个自信”，做到“两个维护”。建立健全党对海南自由贸易港建设工作的领导体制机制，充分发挥党总揽全局、协调各方的作用，加强党对海南自由贸易港建设各领域各方面各环节的领导。以党的政治建设为统领，以提升组织力为重点，全面提高党的建设质量，为海南自由贸易港建设提供坚强政治保障。加强基层党组织建设，引导广大党员发挥先锋模范作用，把基层党组织建设成为海南推动自由贸易港建设的坚强战斗堡垒。完善体现新发展理念和正确政绩观要求的干部考核评价体系，建立激励机制和容错纠错机制，旗帜鲜明地为敢于担当、踏实做事、不谋私利的干部撑腰鼓劲。把社会主义核心价值观融入经济社会发展各方面。持之以恒正风肃纪，强化纪检监察工作，营造风清气正良好环境。（二）健全实施机制。在推进海南全面深化改革开放领导小组指导下，海南省要切实履行主体责任，加强组织领导，全力推进海南自由贸易港建设各项工作。中央和国家机关有关单位要按照本方案要求，主动指导推动海南自由贸易港建设，进一步细化相关政策措施，制定出台实施方案，确保政策落地见效。推进海南全面深化改革开放领导小组办公室牵头成立指导海南推进自由贸易港建设工作小组，由国家发展改革委、财政部、商务部、中国人民银行、海关总署等部门分别派出干部驻海南实地指导开展自由贸易港建设工作，有关情况及时上报领导小组。国务院发展研究中心组织对海南自由贸易港建设开展全过程评估，牵头设立专家咨询委员会，为海南自由贸易港建设建言献策。（三）稳步推进政策落地。加大督促落实力度，将各项政策举措抓实抓细抓出成效。认真研究和妥善解决海南自由贸易港建设中遇到的新情况新问题，对一些重大政策措施做好试点工作，积极稳妥推进方案实施。新华社

Title: 海南自由贸易港建设总体方案:允许境外理工农医类高水平大学在海南独立办学
Content: 

Title: 海南自由贸易港总体方案出台,给海南,给老百姓带来什么红利?
Content: 前天是一个令人振奋的一天，海南自由贸易港总体方案正式出台，面向全球公布，海南建成自由贸易港对海南、对我国来说是一个不小的挑战，海南是我国最大的经济特区，同时也是闻名中外的国际旅游岛，未来国际旅游岛的开建，也会将海南推上国际的舞台。这次的方案为中国特色自由贸易港展开了总蓝图--对标国际高水平经贸规则，解放思想，大胆创新，聚焦贸易投资自由化便利化，建立与高水平自由贸易港相适应的政策制度体系，建设具有国际竞争力和影响的海关监管特殊区域，将海南自由贸易港打造成引领我国新时代对外开放的鲜明旗帜和重要的开放门户。这次的总体方案能给海南与老百姓带来什么？海南成立经济特区已有32年，成立国际旅游岛已有20年，经济特区使海南站起来，国际旅游岛使海南发展起来，但是这些对于海南来说还不够，因为海南远离祖国大陆，进出不便的原因，发展一直止步不前，如果没有活水进入海南，海南就会永远保持现状，停留原地，时间一长，将会有许多优秀的城市赶超海南，到那时候海南拥有的资源不保，所以海南自由贸易港就是能带领海南长久走下去动力。此次这次方案，确定了未来海南的发展定位将会以发展旅游业、现代服务业、高新技术产业为主导，具体一点就是大健康、教育、旅游、科技等为核心发展方向。勾勒时间表，路线图，分步骤、分时间、分阶段建设，稳扎稳打向着自由贸易港去。该方案确定海南的自由贸易港的实施范围为海南岛全岛，到2025年将初步建立以贸易自由便利和投资自由便利为重点的自由贸易港政策制度，到2035年成为我国快开放型经济新高地，到本世纪中叶全面建成具有加强国际影响力的高水平自由贸易港。这次的方案也同样出台了许多优惠政策，在2025年，放宽离岛免税购物额度至每年每人10万元，扩大免税商品种类；允许外国人以商贸、访问、探亲、就医、会展、体育竞技等事由申请免签入境海南；举办中国国际消费品博览会；允许境外理工农医类高水平大学、职业院校在海南自由贸易港独立办学、实施跨境服务贸易负面清单制度，实施市场准入承诺即入制，支持发展房地产投资信托基金，鼓励海南自贸港向全球发债等一系列优惠政策，建立自由贸易港，就是在用实际在向世界证明，中国的国门不会关闭，只会越开越大，就是要以新一轮高水平对外开放功能支持和推动经济全球化，为维护全球自由贸易、完善全球治理体系、较快世界经济复苏注入新动力。海南自由贸易港建设制度不会过于政策化，制度化，只会越来越自由化、开发化，建设方面不会照搬照抄外来经验，而是根据海南的实际出发，坚守生态环境不受破坏的同时，大力发展港口海洋事业，打造具有海南现代特色的开放型生态服务型现代产业体系。那老百姓可以收获哪些红利？海南建立自由贸易港，不仅对海南岛有利，对岛民，对全世界的人民都是极大的利好。1、对岛内居民消费的进境商品，实行正面清单管理，允许岛内免税购买。2、放宽离岛免税购物额度至每年每人10万元，扩大免税商品种类。3、支持海南大力引进国外优质医疗资源。总结区域医疗中心建设试点经验，研究支持海南建设区域医疗中心。4、允许境外理工农医类高水平大学、职业院校在海南自由贸易港独立办学，设立国际学校。推动国内重点高校引进国外知名院校在海南自由贸易港举办具有独立法人资格的中外合作办学机构。5、对在海南自由贸易港工作的高端人才和紧缺人才，其个人所得税实际税负超过15%的部分，予以免征。生活、工作、教育、医疗等等都包含在内，极致周全。

Title: 海南自由贸易港建设总体方案重磅发布:零关税、现代产业体系……
Content: 

Title: 国新办举行《海南自由贸易港建设总体方案》发布会
Content: 

Title: #南国新闻速递#【六国语言演唱《海南欢迎你》!】随着《海南自由贸易港建设总体方案》正式公布
Content: 

Title: 《海南自由贸易港建设总体方案》问世!海南自贸港建设按下启动键
Content: 

Title: 琼岛热议《海南自由贸易港建设总体方案》
Content: 

Title: 打造引领新时代对外开放的鲜明旗帜和重要开放门户——聚焦《海南自由贸易港建设总体方案》
Content: 

Title: 《海南自由贸易港建设总体方案》发布高水平自由贸易港“高”在哪儿?
Content: 近日，我国正式对外发布《海南自由贸易港建设总体方案》。方案提出了贸易自由便利、投资自由便利、跨境资金流动自由便利等11个方面共39条具体政策，把海南岛打造成具有较强国际影响力的高水平自由贸易港。这次的方案提出，要把海南自由贸易港建设成为高水平的自由贸易港。那么，这个高水平体现在哪些方面呢？来听专家的介绍。中国政法大学国际法学院院长 孔庆江：这个高水平可能要从两方面来观察：第一方面从宏观上来讲，作为一个对外开放的高地，它可以打造最佳的营商环境；第二方面从微观方面而言，就某些具体制度的话，应该是体现了最高水平或者较高水平的开放。它可以成为现有自贸港各种各样行之有效经验集大成者。货物贸易：以“零关税”为基本特征在货物贸易方面，实行以“零关税”为基本特征的自由化便利化制度安排。一是制定海南自由贸易港禁止、限制进出口的货物、物品清单，清单外的货物、物品自由进出；二是制定海南自由贸易港进口征税商品目录，目录外的货物进入自由贸易港免征进口关税。以联运提单付运的转运货物不征税、不检验。服务贸易：“既准入又准营”在服务贸易方面，实行以“既准入又准营”为基本特征的自由化便利化政策举措。实施跨境服务贸易负面清单制度，破除跨境交付、境外消费、自然人移动等服务贸易模式下存在的各种壁垒，给予境外服务提供者国民待遇。建立更加灵活高效的监管模式和管理体制在监管方面，实行以过程监管为重点的投资便利制度。在政府采购方面，要对内外资企业一视同仁。在完善产权保护制度方面，加强区块链技术在知识产权交易、存证等方面应用，探索适合自由贸易港发展的新模式。中国国际经济交流中心首席研究员 张燕生：通过海南自由贸易港的建设，能够把贸易成本降低3至5倍，目前的这个自由化水平，再加上自由化的改革，整个跨境贸易就不仅仅是世界第一外贸大国，而将成为世界第一外贸强国。离岛免税购物额度每年每人10万元海南自由贸易港不仅是我国新时代对外开放的重要门户，也会给我们日常生活带来实惠。户籍管理上，进一步放宽户口迁移政策，实行以公民身份号码为唯一标识、全岛统一的居住证制度。岛内居民消费进境商品，实行正面清单管理，允许岛内免税购买。对游客来说，将放宽离岛免税购物额度，由现在的每年每人3万元放宽到10万元，同时扩大免税商品种类。

Title: 政策看点丨《海南自由贸易港建设总体方案》提出扩大通信资源开放实现数据充分汇聚
Content:  6月1日，中共中央、国务院印发了《海南自由贸易港建设总体方案》（以下简称《方案》），支持海南逐步探索、稳步推进中国特色自由贸易港建设。《方案》主要包括总体要求、制度设计、分步骤分阶段安排和组织实施四部分，其中多处涉及信息通信业有关的内容。在制度设计中重点提出，有序扩大通信资源和业务开放。开放增值电信业务，逐步取消外资股比等限制。允许实体注册、服务设施在海南自由贸易港内的企业，面向自由贸易港全域及国际开展在线数据处理与交易处理等业务，并在安全可控的前提下逐步面向全国开展业务。安全有序开放基础电信业务。开展国际互联网数据交互试点，建设国际海底光缆及登陆点，设立国际通信出入口局。《方案》要求，在确保数据流动安全可控的前提下，扩大数据领域开放，创新安全制度设计，实现数据充分汇聚，培育发展数字经济。深入贯彻实施网络安全等级保护制度，重点保障关键信息基础设施和数据安全，健全网络安全保障体系，提升海南自由贸易港建设相关的网络安全保障能力和水平。建立健全数据出境安全管理制度体系。健全数据流动风险管控措施。便利数据流动。在国家数据跨境传输安全管理制度框架下，开展数据跨境传输安全管理试点，探索形成既能便利数据流动又能保障安全的机制。《方案》提出，聚焦平台载体，提升产业能级，以物联网、人工智能、区块链、数字贸易等为重点发展信息产业。充分发挥“互联网+”、大数据、区块链等现代信息技术作用，通过政务服务等平台建设规范政府服务标准、实现政务流程再造和政务服务“一网通办”，加强数据有序共享，提升政府服务和治理水平。依法有序推进人工智能、大数据、云计算等金融科技领域研究成果在海南自由贸易港率先落地。践行初心使命，主动担当作为！坚决打赢疫情防控阻击战，信息通信业在行动！详细报道请见：《人民邮电》电子报全真版监制：王保平

Title: 《海南自由贸易港建设总体方案》印发,利好国际旅游消费中心建设
Content: 

Title: 海南自由贸易港建设总体方案出炉,航空业谁将受益
Content: 

Title: 海南自由贸易港建设总体方案出炉,细看10大政策干货
Content: 

Title: 《海南自由贸易港建设总体方案》发布:加速金融开放与创新
Content: 跨境资金自由流动便利，是海南建设自由贸易港的重要内容，也是实现贸易和投资自由便利的重要条件，在《海南自由贸易港建设总体方案》中提出哪些措施来推动自由资金的便利呢？方案明确，要重点围绕贸易与投资便利化、分阶段开放资本项目，陆续推进海南自由贸易港与境外资金便利流动，包含两层含义，一是：资本项下的可兑换，它的开放，它的可兑换；二是为资金便利服务的金融机构，金融服务业的开放。这次的文件都涉及到了这两者的开放。方案中明确支持在海南自由贸易港内注册的境内企业，根据境内外融资计划，在境外发行股票，优先支持企业通过境外发行债券，将企业发行外债备案登记制管理下放到海南发展改革部门，探索开展跨境资产管理业务试点，提高跨境证券投融资汇兑便利，试点海南自由贸易港内企业境外上市外汇登记直接到银行办理，允许符合一定条件的非金融企业根据实际融资需要，自主借用外债，最终实现海南自由贸易港非金融企业外债向下完全可兑换。现在，中国企业在境外发债，这个还有一定的政策限制，还需要通过进入国家外债规模管理，海南如今率先开个口子，在海南注册的企业，都可以自由的在境外发债。此外，金融业扩大开放政策进一步获得落实，支持建设国际能源、航空航运、产权股权等交易场所。加快发展结算中心，支持符合条件的境外证券基金期货经营机构在海南自由贸易港设立独资或合资金融机构等。

Title: 宋清辉:海南自由贸易港建设总体方案意义重大海南面临发展机遇
Content: 中新经纬客户端6月2日电(张燕征)海南旅游业迎来重磅利好。6月1日，中共中央、国务院印发《海南自由贸易港建设总体方案》(以下简称“《方案》”)提出，离岛免税额度由3万提高至10万、鼓励类企业所得税率降至15%、人才个人所得税率不超过15%、岛内居民基于正面清单免税购买进境商品、支持在海南试点开放第七航权，允许相关国家和地区航空公司承载经海南至第三国(地区)的客货业务等。受此消息影响，6月2日，A股海南概念股表现活跃。Wind数据显示，海南自贸港指数开盘涨逾5%，其中旅游酒店、赛马等板块高开，大东海A、凯撒旅业涨停，中国国旅、复星旅游文化、海航控股等跟涨。在分析人士看来，自贸港方案出台对于海南未来发展意义重大，不但有助于增强海南的活力，还有助于给海南旅游业带来全新的发展机遇。随着航权放开，各国航空公司将不断涌入，对海南本土航空公司海航而言，既是机遇，也必将迎来前所未有的挑战。免税额度由3万提高至10万《方案》指出，放宽离岛免税购物额度至每年每人10万元，扩大免税商品种类。对于来海南观光的游客来说，之前的购物免税额度为3万元，此《方案》落地后，免税商品“买买买”额度将升至10万元，额度较之前提高了3倍，更是2011年之初5000元额度的20倍。据了解，从2011年至今，海南一直是离岛免税政策的试点地区，9年时间，免税额度经历了5次上调。公开资料显示，2011年4月20日，海南离岛旅客免税购物政策试点执行，成为继日本冲绳岛、韩国济州岛和马祖、金门之后，第四个实施该政策的区域，免税购物限额为每人每次5000元；2012年11月1日，海南离岛旅客免税购物限额提高至每人每次8000元；2016年2月1日，免税购物限额再次调整至每人每年1.6万元；2018年12月1日起，海南离岛旅客每人每年累计免税购物限额增加到3万元。可以看出，本次《方案》中，离岛免税额度由3万元提高至10万元，为海南提升免税额度最大的一次。中信证券认为，市场对免税额度的提高存在一定的预期，但还是突显出财政部等部委对海南地区的支持力度。方案中未提及行邮税起征点的变化，以及购买件数等的优化，基于海南的高定位，后续存在进一步放宽的可能。针对此次额度调高，搭配免税商品种类扩大，中信证券表示，一般而言，行邮税起征点不提高、件数限制不打开，仅仅提高免税额度，这对人均消费的刺激和提高效果不大，但结合近期推出的海南回头购或三亚免税店补购平台的作用，免税额度的提升将能有效转化为人均消费的提升。值得注意的是，6月1日晚间，中国国旅发布公告称，拟将公司中文名称由“中国国旅股份有限公司”变更为“中国旅游集团中免股份有限公司”，英文名也发生相应变更。中国国旅方面表示，该名称变更已经国家市场监督管理总局审查通过并核准。此外，中国国旅公告还表示，2019年初，公司已剥离旅行社业务，公司发展战略也已调整为聚焦以免税业务为核心的旅游零售业务。天眼查显示，中国国旅经营范围包括旅游服务及旅游商品相关项目的投资与管理等，该公司旗下拥有中国免税品(集团)、国旅投资发展、中免集团三亚市内免税店等5家子公司。资料显示，中国免税品(集团)有限责任公司是经国务院批准拥有免税综合牌照的国有专营公司，先后与全球逾300家世界顶级奢侈品品牌建立了长期的合作关系，向游客提供上千个品种的免税品购物服务，并通过“中国免税”这一品牌，在全国(包括港澳台地区)设立200多家免税店。著名经济学家宋清辉在接受中新经纬记者采访时表示，中国国旅的这一最新举措是为了迎合方案热点，聚焦免税业务，适应新形势发展需要。他认为，自贸港方案出台对于海南未来发展意义重大，不但有助于增强海南的活力，还有助于给海南带来全新的发展机遇。“《方案》全文最重要的关键词就是‘自由’，其开放力度堪比当年的深圳特区，利好海南相关板块的上市公司。”对于《方案》中提到“离岛免税额度由3万提高至10万”“外国旅游团乘坐邮轮入境15天免签”等政策，宋清辉表示，该政策将对旅游业具有很大的积极影响，也是国家赋予海南含金量最高、影响最广泛的政策之一，此举不但可以满足普通游客的旅游消费需求，还有望推动海南省国内旅游收入和接待国内游客数量持续增长。试点开放第七航权《方案》中提到，实施更加开放的航空运输政策。在对等基础上，推动在双边航空运输协定中实现对双方承运人开放往返海南的第三、第四航权，并根据我国整体航空运输政策，扩大包括第五航权在内的海南自由贸易港建设所必需的航权安排。支持在海南试点开放第七航权。允许相关国家和地区航空公司承载经海南至第三国(地区)的客货业务。实施航空国际中转旅客及其行李通程联运。对位于海南的主基地航空公司开拓国际航线给予支持。允许海南进出岛航班加注保税航油。民航局官网上信息显示，第七航权指的是某国或地区的航空公司完全在其本国或地区领域以外经营独立的航线，在境外两国或地区间载运客货的权利。例如，巴黎—新加坡航线，由(德国)汉莎航空公司承运，就是法国、新加坡两国给予汉莎航司第七航权。民航专家李晓津在接受中新经纬客户端采访时表示，若海南开放第七航权，境外航企就可以开通由海南出发，往返第三国(地区)的航班，且不用返回本国。例如，新加坡航空可开通三亚-东京的往返航线，飞机在执行完该航班后还可继续执飞一趟三亚-首尔的往返航线。如果开放的是第五航权，则该飞机只能运营新加坡-三亚-东京，而且需同一航班号和同一飞机执飞。李晓津认为，在海南航空市场扩大的前提下，各国航司竞争加剧。在各种政策加持下，海南各行各业将有新突破，有望吸引更多旅客进出海南，吸引各国航空公司进驻海南。随着各国航空公司的涌入，对海南本土航空公司海航而言，既是机遇，也必将迎来前所未有的挑战。预计周边国家航空公司可能捷足先登，开拓海南至东南亚、日韩、俄罗斯和南亚地区航线。“根据民航大学团队研究，从过去40年数据看，海南航空业相对当地经济社会发展而言有所滞后，引领作用尚不充分。借助自贸港建设东风，需要发挥航空运输对人流、物流的促进作用，进而带动资金流、信息流的积聚，实现海南、乃至全国经济高质量开放格局的形成。需要注意的是，海南航空运输业要有所作为，对市场需求快速反应，吸取前期扩张的经验教训，全面支撑海南开放。”李晓津称。(中新经纬APP)原标题：免税额度提高至10万，开放第七航权，海南旅游业的转折点来了？【编辑：熊家丽】

Title: 海南自由贸易港建设总体方案:以区块链等为重点发展信息产业
Content: 6月1日，我国正式对外发布《海南自由贸易港建设总体方案》。方案提出了贸易自由便利、投资自由便利、跨境资金流动自由便利等11个方面、共39条具体政策，把海南岛打造成具有较强国际影响力的高水平自由贸易港。01 建设意义：在海南建设自由贸易港，是党中央着眼于国内国际两个大局、为推动中国特色社会主义创新发展作出的一个重大战略决策，是我国新时代改革开放进程中的一件大事。02 目标原则：要坚持党的领导，坚持中国特色社会主义制度，对接国际高水平经贸规则，促进生产要素自由便利流动，高质量高标准建设自由贸易港。03 突出特色：要把制度集成创新摆在突出位置，解放思想、大胆创新，成熟一项推出一项，行稳致远，久久为功。04 时间表、路线图：海南自由贸易港的实施范围为海南岛全岛，到2025年将初步建立以贸易自由便利和投资自由便利为重点的自由贸易港政策制度体系，到2035年成为我国开放型经济新高地，到本世纪中叶全面建成具有较强国际影响力的高水平自由贸易港。2018年4月，《中共中央 国务院关于支持海南全面深化改革开放的指导意见》对外公布，其中明确指出了海南全面深化改革开放的发展目标，分步骤、分阶段，为海南全面实现现代化擘画了科学的宏伟蓝图。到2025年，经济增长质量和效益显著提高；自由贸易港制度初步建立，营商环境达到国内一流水平；民主法制更加健全，治理体系和治理能力现代化水平明显提高；公共服务水平和质量达到国内先进水平，基本公共服务均等化基本实现；生态环境质量继续保持全国领先水平。到2035年，在社会主义现代化建设上走在全国前列；自由贸易港的制度体系和运作模式更加成熟，营商环境跻身全球前列；人民生活更为宽裕，全体人民共同富裕迈出坚实步伐，优质公共服务和创新创业环境达到国际先进水平；生态环境质量和资源利用效率居于世界领先水平；现代社会治理格局基本形成，社会充满活力又和谐有序。到本世纪中叶，率先实现社会主义现代化，形成高度市场化、国际化、法治化、现代化的制度体系，成为综合竞争力和文化影响力领先的地区，全体人民共同富裕基本实现，建成经济繁荣、社会文明、生态宜居、人民幸福的美好新海南。1. 要加强区块链技术在知识产权交易、存证等方面应用，探索适合自由贸易港发展的新模式。2. 聚焦平台载体，提升产业能级，以物联网、人工智能、区块链、数字贸易等为重点发展信息产业。依托文昌国际航天城、三亚深海科技城，布局建设重大科技基础设施和平台，培育深海深空产业。3. 在社会治理方面，要着力推进政府机构改革和政府职能转变，鼓励区块链等技术集成应用于治理体系和治理能力现代化，构建系统完备、科学规范、运行有效的自由贸易港治理体系。4. 充分发挥“互联网+”、大数据、区块链等现代信息技术作用，通过政务服务等平台建设规范政府服务标准、实现政务流程再造和政务服务“一网通办”，加强数据有序共享，提升政府服务和治理水平。5. 建设海南国家区块链技术和产业创新发展基地。6. 实现数据安全有序流动。积极参与跨境数据流动国际规则制定，建立数据确权、数据交易、数据安全和区块链金融的标准和规则。

Title: 海南自由贸易港总体方案来了!老百姓收获这些红利
Content: 中新网客户端北京6月2日电(记者 李金磊)海南迎来大升级！6月1日，中共中央、国务院公布《海南自由贸易港建设总体方案》，明确了海南自由贸易港建设的路线图和时间表。海南自由贸易港如何建设？将带来哪些影响？又会给老百姓带来哪些红利？一起来看。目标是什么？海南自由贸易港的实施范围为海南岛全岛。按照方案提出的发展目标，到2025年将初步建立以贸易自由便利和投资自由便利为重点的自由贸易港政策制度体系，到2035年成为我国开放型经济新高地，到本世纪中叶全面建成具有较强国际影响力的高水平自由贸易港。制度如何设计？在制度设计方面，方案明确了11方面的内容，分别涉及贸易自由便利、投资自由便利、跨境资金流动自由便利、人员进出自由便利、运输来往自由便利、数据安全有序流动、现代产业体系、税收制度、社会治理、法治制度、风险防控体系。商务部研究院国际市场研究所副所长白明对中新网记者表示，自由贸易港是当今世界最高水平的开放形态。海南自由贸易港开放力度更大，总体方案看点很多，税收优惠就是其中一大看点。方案提出，按照零关税、低税率、简税制、强法治、分阶段的原则，逐步建立与高水平自由贸易港相适应的税收制度。零关税方面，全岛封关运作前，对部分进口商品，免征进口关税、进口环节增值税和消费税。全岛封关运作、简并税制后，对进口征税商品目录以外、允许海南自由贸易港进口的商品，免征进口关税。低税率方面，对在海南自由贸易港实质经营的企业，实行企业所得税优惠税率。比如，从本方案发布之日起，对注册在海南自由贸易港并实质性运营的鼓励类产业企业，减按15%征收企业所得税。对符合条件的个人，实行个人所得税优惠税率。具体如何实施？方案要求分步骤分阶段安排，划定了2025年前重点任务和2035年前重点任务。2025年前包括18项重点任务，包括加强海关特殊监管区域建设，实行部分进口商品零关税政策，减少跨境服务贸易限制，实行“极简审批”投资制度，试点改革跨境证券投融资政策，加快金融业对内对外开放，增强金融服务实体经济能力，实施更加便利的免签入境措施，实施更加开放的船舶运输政策，实施更加开放的航空运输政策，便利数据流动，深化产业对外开放，优化税收政策安排，加大中央财政支持力度，给予充分法律授权，强化用地用海保障，做好封关运作准备工作，适时启动全岛封关运作。2035年前包括7项重点任务，包括实现贸易自由便利，实现投资自由便利，实现跨境资金流动自由便利，实现人员进出自由便利，实现运输来往自由便利，实现数据安全有序流动，进一步推进财税制度改革。有什么影响？白明分析，海南是中国最大的经济特区，具有实施全面深化改革和试验最高水平开放政策的独特优势。海南自由贸易港的建设不仅将增强海南的活力，给海南带来新的发展机遇，也将为中国经济打造新的增长极，蹚出一条在新时代全面深化改革开放的新路子。分析认为，海南自由贸易港将在系统性、集成性制度创新上实现全面突破，打破体制机制束缚和障碍，对接国际经贸新规则，建立开放型经济新体制，为国家新一轮高水平全面深化改革开放提供“海南样本”和“海南方案”，在国际自由贸易港中提供“中国模式”。尤其是当今世界正在经历新一轮大发展大变革大调整，保护主义、单边主义抬头，经济全球化遭遇更大的逆风和回头浪。白明指出，在这样的大背景下，建设海南自由贸易港凸显出中国推进高水平开放的决心。海南自由贸易港的开放力度既会对标国际先进水平，也会有中国特色，有助于推动高质量发展，支持经济全球化。老百姓收获什么红利？海南自由贸易港不仅之于中国、世界有重要意义，对于老百姓来说，也能收获实实在在的红利。——对岛内居民消费的进境商品，实行正面清单管理，允许岛内免税购买。——放宽离岛免税购物额度至每年每人10万元，扩大免税商品种类。——支持海南大力引进国外优质医疗资源。总结区域医疗中心建设试点经验，研究支持海南建设区域医疗中心。——允许境外理工农医类高水平大学、职业院校在海南自由贸易港独立办学，设立国际学校。推动国内重点高校引进国外知名院校在海南自由贸易港举办具有独立法人资格的中外合作办学机构。——对在海南自由贸易港工作的高端人才和紧缺人才，其个人所得税实际税负超过15%的部分，予以免征。可见，在消费、医疗、教育、税负等方面都有利好！(完)

Title: 《海南自由贸易港建设总体方案》发布,聚焦贸易投资自由化便利化
Content: 

Title: 海南自由贸易港:开放型经济的新渡口
Content: 

Title: 海南自由贸易港政策干货精选60条
Content: 2020年6月1日印发的《海南自由贸易港建设总体方案》包括总体要求、制度设计、分步骤分阶段安排和组织实施四大部分。根据方案内容，我们从大量优惠政策中精选出60条。01 人才个人所得税最高15%。02 鼓励类企业实施15%企业所得税。03 企业进口自用生产设备免征进口关税、进口环节增值税和消费税。04 进口营运用交通工具及游艇免征进口关税、进口环节增值税和消费税。05 进口生产原辅料免征进口关税、进口环节增值税和消费税。06 岛内居民购买的进境商品免征进口关税、进口环节增值税和消费税。07 离岛免税购物额度调高至每年每人10万元并增加品种。08 旅游业、现代服务业、高新技术产业企业2025年前新增境外直接投资所得免征企业所得税。09 企业资本性支出可一次性税前扣除或加速折旧和摊销。10 展会境外展品进口和销售免税。11 对原产于海南或含进口料件加工增值超过30%的货物进入内地免征进口关税12 允许进出海南岛航班加注保税航油。13 对在“中国洋浦港”登记并从事国际运输的境内建造船舶给予出口退税.14 以“中国洋浦港”为中转港从事内外贸同船运输的境内船舶允许加注保税油。15 建设“中国洋浦港”国际船籍港。16 经“中国洋浦港”中转离境的货物试行启运港退税。17 在洋浦保税港区等实行“一线”放开、“二线”管住的进出口管理制度。18 允许境外理工农医大学及职业院校在海南独立办学。19 建设海南国际教育创新岛。20 构建多功能自由贸易账户体系。21 跨境贸易和新型国际贸易银行真实性审核从事前审查转为事后核查。22 实行海南自由贸易港跨境服务贸易负面清单。23 实施市场准入承诺即入制。24 实行海南自由贸易港市场准入特别清单。25 实行海南自由贸易港外商投资准入负面清单。26 政府采购对内外资企业一视同仁。27 实施更加便利的免签入境政策。28 以薪酬水平为主要指标评估人力资源类别。29 对外籍人员工作许可实行负面清单管理。30 允许境外人员担任法定机构、事业单位、国有企业的法定代表人 。31 取消船舶和飞机境外融资限制。32 企业发行外债备案登记制管理权下放海南。33 扩大跨境资产转让范围。34 优先支持企业境外上市。35 企业境外上市外汇登记直接到银行办理。36 建设海南国际知识产权交易所。37 支持境外证券基金期货经营机构设立独资或合资金融机构。38 支持设立财产险、人身险、再保险公司以及相互保险组织和自保公司。39 支持与境外机构合作开发跨境医疗保险产品。40 建设国际能源、航运、产权、股权等交易场所。41 非居民可以参与交易场所的交易和资金结算。42 发展场外衍生品业务。43 开展跨境资产管理业务。44 面向全球发行海南地方政府债券。45 开放增值电信业务。46 开展在线数据处理与交易处理等业务。47 安全有序开放基础电信业务。48 开展国际互联网数据交互试点。49 扩大包括第五、第七航权在内的航权开放。50 建设国际航空枢纽。51 建设西部陆海新通道国际航运枢纽。52 建设区域医疗中心。53 建设国家区块链技术和产业创新发展基地。54 建设邮轮旅游试验区。55 设立游艇产业改革发展创新试验区。56 建设海南国际设计岛。57 建设国家对外文化贸易基地。58 授权海南对耕地、永久基本农田、林地、建设用地布局调整进行审批。59 赋予行业组织更大自主权。60 立足自由贸易港建设实际制定法规。

Title: 粤港澳大湾区联动海南自由贸易港
Content: 

Title: 全岛零关税!海南自贸港来了,老百姓的生活将发生怎样的巨变?
Content: 6月1日晚，《海南自由贸易港建设总体方案》终于出炉！按照方案中的内容，预计海南将成为具有国际影响力的高水平自由贸易港。此次方案中，税收优惠可以说是一大亮点，从颁布时间起，针对注册在海南自由贸易港，且有实质性运营的企业，将减按15%征收企业所得税。符合条件的个人，还可以享受个人所得税的优惠。同时，在保税区内的货物，部分进口商品可享受免征进口关税、进口环节增值税和消费税。保税区建设完毕之后，对进口征税商品目录以外、允许海南自由贸易港进口的商品，免征进口关税。站在咱们普通老百姓的角度来说，红利也是肉眼可见的。例如，对于政府允许进入市场的商品，岛内居民可免税购买，而离岛免税购物额度，从每年每人3万，提升至每年每人10万元。鼓励海南引进国外的优质医疗资源；支持中外合作办学，设立国际学校。总言之，《海南自由贸易港建设总体方案》的落地，无论是对企业还是个人，在税负、消费、医疗、教育等各方面都是激动人心的好消息，未来海南或许将成为新一代消费天堂！


