书单|这里有10本惊心动魄的悬疑小说	['悬疑&小说', '玄幻&小说', '破案&小说', '犯罪&小说', '刑侦&小说', '推理&小说']	小说&悬疑;小说&刑侦;悬疑&刑侦
五一出京计划全泡汤?北京这些小众景点,0元游遍全世界!	['北京&春天', '北京&打卡', '北京&景点', '北京&旅游', '北京&游玩', '北京&攻略']	景点;北京&小众;北京&攻略;小众&攻略
宝宝多大说话才正常?如何锻炼宝宝的语言能力?抓住0-3岁是关键	['宝宝&说话', '孩子&说话', '教&说话']	宝宝&说话;宝宝&语言
2020年最值得期待的6部国产动漫,第5部必看	['动漫&推荐', '动漫&盘点']	动漫&推荐;动漫&盘点;期待&推荐;期待&盘点;推荐&盘点
怎么看自己还能不能长高	['长身高', '增加&身高', '增长&身高', '个头&变高', '身体&长高', '春季&长个', '春天&长个', '春季&长高', '春天&长高', '长高&诀窍', '长高&秘诀', '长高&方法', '长高&办法', '如何&长高', '怎么&长高', '如何&长个', '怎么&长个', '怎么&变高', '如何&变高']	增高
同事之间能不能做朋友?可以有,但你能接受吗?	['同事&朋友', '职场&朋友', '职场&同事', '公司&朋友', '工作&朋友']	同事&职场;同事&朋友;不能&朋友
学语文不是当背书机器人,注重语文思维培养,才是提高成绩的关键	['学&语文', '语文&课', '语文&作业', '背&课文', '孩子&老师', '孩子&语文', '老师&语文']	课文&语文;课文&老师;语文&孩子;语文&老师;孩子&老师
白酒能喝半斤,啤酒能喝5瓶,为何啤酒和白酒搀着喝半瓶就会醉?	['买&啤酒', '啤酒&肚', '喝&啤酒', '啤酒&醉']	白酒&喝啤酒;白酒&啤酒
垃圾分类的“干货”,这些一定要了解	['垃圾&分类']	
retry = 0
保鲜膜中有致癌成分,再也不能包裹蔬菜水果了?不用过于紧张	['保鲜膜&用', '保鲜膜&买', '保鲜膜&厨房', '保鲜膜&蔬菜']	使用&保鲜膜;知道&保鲜膜;蔬菜水果&保鲜膜;保鲜&知道&过于
agon电竞局丨cfpls16火热开战!sv战队整装待发,越战越勇!	['CFPL', 'cfpl']	
实时更新 | 全国阻击新型冠状病毒肺炎	['华南海鲜城', '病毒性肺炎', '冠状病毒', '新型肺炎', 'SARS', '肺炎疫情', '确诊&病例', '确诊&人数', '疫情&确诊', '武汉&新冠', '疫情', '口罩', 'Coronavirus', '病毒&感染', '核酸&阴性', '核酸&阳性', '肺部&感染', '病毒&疫苗', '传播&病毒', '传播&途径', '气溶胶&传播', '疫情&期间', '国内疫情', '海外疫情', 'NCP']	肺炎&不明
葡萄草莓等水果清洗有妙招!只用一样东西,健康食用身体好	['正确&洗水果', '如何&洗水果', '怎么&洗水果', '清洗&水果', '清洗&葡萄', '正确&洗葡萄', '如何&洗葡萄', '怎么&洗葡萄', '农药&水果', '清洗&草莓', '正确&洗草莓', '怎么&洗草莓', '如何&洗草莓']	水果&清洗&草莓;水果&草莓&葡萄
 夏天必吃的几种蔬菜,每种都必不可少,你吃了吗?	['夏季&蔬菜', '夏天&蔬菜']	蔬菜&夏天;蔬菜&好吃;夏天&好吃
乘风破浪的姐姐将录!疑集结宁静郁可唯等,逆龄女团选秀你会追吗	['乘风破浪的姐姐', '叮当', '海陆', '吴昕', '刘芸', '王丽坤', '张萌', '许飞', '张含韵', '钟丽缇', '万茜', '沈梦辰', '金晨', '伊能静', '王霏霏', '李斯丹妮', '蓝盈莹', '郁可唯']	姐姐&宁静;姐姐&乘风破浪;宁静&乘风破浪
retry = 0
夏季开车八大注意事项,你知道几个?	['夏季&开车', '夏天&开车', '高温&开车', '夏季&行车', '夏天&行车']	
结束38年合作！2021-22赛季起 威尔胜取代斯伯丁成为NBA官方用球	['NBA&用球', 'nba&用球', 'NBA&威尔胜', 'nba&威尔胜', 'NBA&斯伯丁', 'nba&斯伯丁']	斯伯丁;威尔
想在职场顺风顺水,就得避开这三种思维模式,否则会影响升职加薪	['职场&思维', '工作&思维', '升职&加薪']	加薪&升职&职场;加薪&模式&职场
runningman九周年,你只记得他们带来的欢乐,却忘了……	['宋智孝', '金钟国', '池石镇', '刘在石', '李光洙', 'runningman', 'Running Man']	
 吃苹果有什么好处 苹果居然还有这功效	['苹果&好处', '苹果&疗效', '吃&苹果']	
父母和我断绝关系,多年后他们过得不好,我该放下一切原谅他们?	['父母&关系', '关系&不好', '父母&子女', '父母&缓解', '父母&和好', '父母&反目', '父母&断绝']	断绝关系&孩子;断绝关系&父母;不好&关系&父母
明星私生饭太可怕了!对你的信息了如指掌,范丞丞撒贝宁被迫搬家	['私生饭']	发声&可怕&私生饭;发声&明星&王一博;发声&王一博&私生饭;发声&私生饭&酒店;可怕&王一博&私生饭;明星&王一博&私生饭;王一博&私生饭&酒店
retry = 0
人生最好的状态,永远要活给自己看,开心快乐每一天	['讨&开心', '自己&开心', '讨好&自己', '取悦&自己']	人生&余生&开心;余生&女人&讨好
余生,爱值得爱的人,做值得做的事	['余生&太长', '余生&放过', '余生&爱你', '往后&余生', '余生&美好', '余生&昨天', '余生&辜负', '余生&强求', '余生&温暖', '余生&为难', '余生&不长']	往后
《奔跑吧8》预告,众人齐玩泥潭游戏,见到蔡徐坤的坐姿我笑出声	['奔跑吧', '郑恺', '杨颖', 'angelababy', '蔡徐坤&奔跑', '黄旭熙', 'ANGELABABY', 'Angelababy', 'Lucas', 'lucas', '沙溢', '郭麒麟', '陈赫', '邓超', '姚泽添', '官宣&奔跑', '官宣&跑吧']	蔡徐坤&奔跑;蔡徐坤&跑吧
看《清平乐》实时感受:清平乐是一部嗑哪个cp都be的电视剧	['清平乐', '江疏影', '任敏', '杨玏']	清平乐&电视剧&经典
一旦近视无法逆转,小学生近视率攀升,几招教你预防近视	['用眼过度', '保护&眼睛', '保护&视力', '预防&近视', '预防&远视', '眼睛&疲劳', '护眼&方法', '正确&护眼']	预防&眼睛;眼睛&保护;保护&护眼&近视;保护&近视&预防;护眼&眼睛&近视;护眼&近视&预防
游戏主播变成带货主播,粉丝还疯狂下单,网友:这是什么操作?	['游戏&主播', '旭旭宝宝', '艺帝帝', '刘谋', '大司马', '骚白', '韦神', '张大仙', '仙某某', '宝哥', '若风', '王者&宝哥', '主播&宝哥&直播', '主播&游戏&直播', '游戏&王者&直播']	主播&宝哥&王者;主播&宝哥&网友;宝哥&游戏&王者
《汪喵物语》定档520,朱正廷张雨剑喊你一起“撸狗吸猫”	['汪喵物语', '朱正廷', '张雨剑']	物语&朱正廷;物语&汪喵;物语&张雨;朱正廷&汪喵;朱正廷&张雨;汪喵&张雨
吃这些食物竟能祛暑泻火!你现在还不知道吗?	['祛署&食物', '防暑&食物', '祛署&食品', '防暑&食品']	祛暑&防暑;知道&食物
现实生活中,没有几个人希望你过得好,别再自欺欺人了	['生活&美好', '生活&希望']	充满希望&生活
 b站《后浪》刷屏全网:谁不是一边实现梦想,一边和现实对抗?	['梦想&实现', '梦想&追', '梦想&目标']	
鸡蛋、黄瓜升级版减肥食谱!7天刮油减肥餐,亲测有效分享心得	['健康&餐', '减肥&餐', '代餐&奶昔', '代餐&粉', '代餐&饼干']	减肥餐;减肥&食谱;减肥&真的
我真心付出为什么没有真心朋友?怎么办?	['交友&相处', '朋友&交流', '朋友&日常', '朋友&闺蜜', '盛有&真心', '朋友&真心', '朋友&信任']	
好朋友是怎样渐行渐远的,不遗憾你离开,也很高兴你来过	['朋友&联络', '朋友&联系']	好朋友;联系&朋友;感情&朋友
我是唱作人2:第四期上位区大换血,张艺兴首胜,苏运莹惨遭淘汰	['张艺兴', '郑钧', '陈粒', '周延', '霍尊', '隔壁老樊', '马頔', '刘思鉴', 'GAI', '苏运莹']	唱作人&张艺兴&神仙;唱作人&张艺兴&苏运莹;张艺兴&神仙&苏运莹
学校没得回去,毕业生的毕业照只能在线上拍,真·史上最惨毕业生	['毕业&照']	毕业生;毕业&学生
象棋布局时有哪些技巧?	['棋盘&游戏', '棋牌&游戏']	国际象棋&五子棋;国际象棋&围棋;五子棋&围棋&象棋;五子棋&布局&时有;国际象棋&布局&象棋;国际象棋&技巧&象棋;布局&技巧&象棋
长时间戴口罩会烂脸?3种表现说明皮肤受不了了	['口罩&皮肤', '口罩&肌肤', '口罩&痘']	口罩&皮肤;口罩&问题;皮肤&问题
东北主人训狗狗扒垃圾桶全程金句不断狗狗装哭装腿瘸企图蒙混过关	['宠物&狗']	哈士奇&主人;哈士奇&狗狗;主人&狗狗
涮火锅怎能少了“它们”?最解辣的5款饮料,吃火锅最佳伴侣!	['吃&火锅', '做&火锅', '火锅&健康', '火锅&上火', '火锅&蘸料', '火锅&北方', '火锅&胖']	吃火锅;火锅
retry = 0
女人气质从何而来?4个方面修炼优雅气质,轻松逆袭做魅力女神	['气质&女神', '气质&女人', '气质&修炼', '气质&培养', '气质&修养', '气质&管理', '气质&魅力', '气质&蜕变', '气质&自律', '气质&高级感']	气质&女人;气质&女神;气质&培养;女人&女神
 5月有哪些应季的蔬菜?五月吃这些蔬菜最养生	['春天&蔬菜', '春季&蔬菜', '开春&蔬菜']	应季&春天;应季&蔬菜;蔬菜&营养
“宁愿孩子成绩差,也别送去补习班”资深老教师这样说,是为什么	['学习&成绩', '孩子&成绩', '高三&补课']	到底&成绩&补习班;到底&成绩&补课;孩子&成绩&补习班;孩子&成绩&补课
狼人杀:玩狼人杀时每张角色的心理活动,平民被锤爆想出局,没门	['狼人杀', '预言家', '跳&女巫', '平民身份', '狼人&说谎']	狼人;技巧
王者荣耀:隐藏技巧,没人愿透露,难怪主播和代练厉害	['王者荣耀', '王者农药', '李白&皮肤', '安其拉', '后羿&射手', '英雄&皮肤', '韩信&英雄', '赵云&英雄', '武则天&英雄', '嬴政&英雄', '妲己&英雄', '李白&英雄', '亚瑟', '后羿&英雄', '后羿&皮肤', '韩信&皮肤', '赵云&皮肤', '武则天&皮肤', '嬴政&皮肤', '妲己&皮肤', '鲁班大师', '双排&上分']	王者;荣耀&皮肤;荣耀&技巧;皮肤&技巧
和平精英:速学!3个超实用的吃鸡技巧,萌新都开始用了!	['pubg&lite', '吃鸡', '和平精英', 'SS7&手册', '新赛季&手册', 'ss7&手册', 'ss7&赛季', 'SS7&赛季']	和平;精英
异性朋友在互送礼物时,要尽量避开这些物品,以免引起误会	['生日&礼物', '送&礼物', '礼物&花钱', '女生&礼物', '礼物&拒绝', '情侣&礼物', '异性&礼物', '礼物&避免', '礼物&男生', '礼物&眼光', '礼物&东西', '朋友&礼物', '直男&礼物', '少女&礼物', '朋友&生日', '送&礼物', '生日&请客', '追&礼物', '喜欢&礼物']	送礼物;女生&礼物
最美好的回忆,童年游戏,一定有你没玩过的	['小时候&游戏', '童年&游戏', '儿时&游戏']	童年&游戏;童年&回忆;游戏&回忆;游戏&美好;回忆&美好
大脑反应慢、记忆差,只需每天坚持做4个动作,大脑反应越来越快	['大脑&记忆', '记忆&差', '记忆&方法', '记忆&改善']	
retry = 0
他做梦都没想到,睡觉成了一种奢望,50年都没有合过眼	['睡觉&做梦', '晚上&做梦', '做梦&睡眠', '做梦&好']	
2020全民携手,防灾减灾,致第十二个全国防灾减灾日	['防灾&减灾', '防灾&活动', '防灾&全国', '遇到&洪水', '遇到&地震', '遇到&火灾', '安全&自救']	全民&防灾;全民&减灾;知识&防灾;防灾&全国;减灾&全国
retry = 0
那些价格便宜的辣条,我们吃了会有什么危害呢?看完涨见识了!	['辣条&危害']	危害&健康
《创》主题曲直拍:刘些宁出现失误,看了张艺凡才知道差距有多大	['创造营', '黄子韬', '毛不易', '宋茜', '罗志祥', '孟美岐', '大张伟', '张艺凡', '创&直拍']	创造&黄子韬;创造&导师;创造&鹿晗;黄子韬&导师;黄子韬&鹿晗;导师&鹿晗
有棱角的善良,才是真善良	['善良&锋芒', '善良&坚持', '善良&行为', '善良&尺度', '善良&力量', '善良&你', '善良&我', '善良&他']	锋芒&有度;有度&忍让;善良&忍让&棱角;善良&忍让&锋芒;善良&有度&棱角;善良&棱角&锋芒;忍让&才是真&锋芒;忍让&棱角&锋芒;才是真&棱角&锋芒
从烘焙界小白变身达人高手,这本带着面包香的烘焙书一路陪伴你	['做&甜品', '做&蛋糕', '做&美食', '学&甜品', '学&美食', '学&面包', '学&蛋糕']	面包&甜品;面包&小白;面包&烘焙;甜品&小白;甜品&烘焙;小白&烘焙
连续喝一个月奶茶会怎么样?可能会有5个异常变化,劝你别多喝	['喝&奶茶', '奶茶&适量', '奶茶&危害', '奶茶&坏处', '奶茶&健康', '奶茶&养生']	危害&健康;危害&可能会
